Warning: Design 'SOC_TOP' has '4' unresolved references. For more detailed information, use the "link" command. (UID-341)
 
****************************************
check_design summary:
Version:     V-2023.12-SP1
Date:        Tue Jun 11 23:40:57 2024
****************************************

                   Name                                            Total
--------------------------------------------------------------------------------
Inputs/Outputs                                                    262
    Multiply driven inputs (LINT-6)                               173
    Unconnected ports (LINT-28)                                    45
    Feedthrough (LINT-29)                                          32
    Shorted outputs (LINT-31)                                      12

Cells                                                              94
    Cells do not drive (LINT-1)                                     9
    Connected to power or ground (LINT-32)                         50
    Nets connected to multiple pins on same cell (LINT-33)         35

Nets                                                              197
    Unloaded nets (LINT-2)                                        196
    Multiply driven net with constant driver (LINT-54)              1

Tristate                                                           68
    A tristate bus has a non tri-state driver (LINT-34)            68
--------------------------------------------------------------------------------

Warning: In design 'COUNTER_30_0_127', cell 'C187' does not drive any nets. (LINT-1)
Warning: In design 'COUNTER_64_0', cell 'C382' does not drive any nets. (LINT-1)
Warning: In design 'ALU_DWidth32_OpWidth5', cell 'B_13' does not drive any nets. (LINT-1)
Warning: In design 'ALU_DWidth32_OpWidth5', cell 'B_14' does not drive any nets. (LINT-1)
Warning: In design 'ALU_DWidth32_OpWidth5', cell 'B_15' does not drive any nets. (LINT-1)
Warning: In design 'ALU_DWidth32_OpWidth5', cell 'B_16' does not drive any nets. (LINT-1)
Warning: In design 'ALU_DWidth32_OpWidth5', cell 'B_17' does not drive any nets. (LINT-1)
Warning: In design 'ALU_DWidth32_OpWidth5', cell 'B_18' does not drive any nets. (LINT-1)
Warning: In design 'ALU_DWidth32_OpWidth5', cell 'B_19' does not drive any nets. (LINT-1)
Warning: In design 'SOC_TOP', net 'NPU/synopsys_unconnected_196' driven by pin 'NPU/NPU/debug_output[0]' has no loads. (LINT-2)
Warning: In design 'SOC_TOP', net 'NPU/synopsys_unconnected_195' driven by pin 'NPU/NPU/debug_output[1]' has no loads. (LINT-2)
Warning: In design 'SOC_TOP', net 'NPU/synopsys_unconnected_194' driven by pin 'NPU/NPU/debug_output[2]' has no loads. (LINT-2)
Warning: In design 'SOC_TOP', net 'NPU/synopsys_unconnected_193' driven by pin 'NPU/NPU/debug_output[3]' has no loads. (LINT-2)
Warning: In design 'SOC_TOP', net 'NPU/synopsys_unconnected_192' driven by pin 'NPU/NPU/debug_output[4]' has no loads. (LINT-2)
Warning: In design 'SOC_TOP', net 'NPU/synopsys_unconnected_191' driven by pin 'NPU/NPU/debug_output[5]' has no loads. (LINT-2)
Warning: In design 'SOC_TOP', net 'NPU/synopsys_unconnected_190' driven by pin 'NPU/NPU/debug_output[6]' has no loads. (LINT-2)
Warning: In design 'SOC_TOP', net 'NPU/synopsys_unconnected_189' driven by pin 'NPU/NPU/debug_output[7]' has no loads. (LINT-2)
Warning: In design 'SOC_TOP', net 'NPU/synopsys_unconnected_188' driven by pin 'NPU/NPU/debug_output[8]' has no loads. (LINT-2)
Warning: In design 'SOC_TOP', net 'NPU/synopsys_unconnected_187' driven by pin 'NPU/NPU/debug_output[9]' has no loads. (LINT-2)
Warning: In design 'SOC_TOP', net 'NPU/synopsys_unconnected_186' driven by pin 'NPU/NPU/debug_output[10]' has no loads. (LINT-2)
Warning: In design 'SOC_TOP', net 'NPU/synopsys_unconnected_185' driven by pin 'NPU/NPU/debug_output[11]' has no loads. (LINT-2)
Warning: In design 'SOC_TOP', net 'NPU/synopsys_unconnected_184' driven by pin 'NPU/NPU/debug_output[12]' has no loads. (LINT-2)
Warning: In design 'SOC_TOP', net 'NPU/synopsys_unconnected_183' driven by pin 'NPU/NPU/debug_output[13]' has no loads. (LINT-2)
Warning: In design 'SOC_TOP', net 'NPU/synopsys_unconnected_182' driven by pin 'NPU/NPU/debug_output[14]' has no loads. (LINT-2)
Warning: In design 'SOC_TOP', net 'NPU/synopsys_unconnected_181' driven by pin 'NPU/NPU/debug_output[15]' has no loads. (LINT-2)
Warning: In design 'SOC_TOP', net 'NPU/synopsys_unconnected_180' driven by pin 'NPU/NPU/debug_output[16]' has no loads. (LINT-2)
Warning: In design 'SOC_TOP', net 'NPU/synopsys_unconnected_179' driven by pin 'NPU/NPU/debug_output[17]' has no loads. (LINT-2)
Warning: In design 'SOC_TOP', net 'NPU/synopsys_unconnected_178' driven by pin 'NPU/NPU/debug_output[18]' has no loads. (LINT-2)
Warning: In design 'SOC_TOP', net 'NPU/synopsys_unconnected_177' driven by pin 'NPU/NPU/debug_output[19]' has no loads. (LINT-2)
Warning: In design 'SOC_TOP', net 'NPU/synopsys_unconnected_176' driven by pin 'NPU/NPU/debug_output[20]' has no loads. (LINT-2)
Warning: In design 'SOC_TOP', net 'NPU/synopsys_unconnected_175' driven by pin 'NPU/NPU/debug_output[21]' has no loads. (LINT-2)
Warning: In design 'SOC_TOP', net 'NPU/synopsys_unconnected_174' driven by pin 'NPU/NPU/debug_output[22]' has no loads. (LINT-2)
Warning: In design 'SOC_TOP', net 'NPU/synopsys_unconnected_173' driven by pin 'NPU/NPU/debug_output[23]' has no loads. (LINT-2)
Warning: In design 'SOC_TOP', net 'NPU/synopsys_unconnected_172' driven by pin 'NPU/NPU/debug_output[24]' has no loads. (LINT-2)
Warning: In design 'SOC_TOP', net 'NPU/synopsys_unconnected_171' driven by pin 'NPU/NPU/debug_output[25]' has no loads. (LINT-2)
Warning: In design 'SOC_TOP', net 'NPU/synopsys_unconnected_170' driven by pin 'NPU/NPU/debug_output[26]' has no loads. (LINT-2)
Warning: In design 'SOC_TOP', net 'NPU/synopsys_unconnected_169' driven by pin 'NPU/NPU/debug_output[27]' has no loads. (LINT-2)
Warning: In design 'SOC_TOP', net 'NPU/synopsys_unconnected_168' driven by pin 'NPU/NPU/debug_output[28]' has no loads. (LINT-2)
Warning: In design 'SOC_TOP', net 'NPU/synopsys_unconnected_167' driven by pin 'NPU/NPU/debug_output[29]' has no loads. (LINT-2)
Warning: In design 'SOC_TOP', net 'NPU/synopsys_unconnected_166' driven by pin 'NPU/NPU/debug_output[30]' has no loads. (LINT-2)
Warning: In design 'SOC_TOP', net 'NPU/synopsys_unconnected_165' driven by pin 'NPU/NPU/debug_output[31]' has no loads. (LINT-2)
Warning: In design 'SOC_TOP', net 'NPU/synopsys_unconnected_164' driven by pin 'NPU/NPU/debug_output[32]' has no loads. (LINT-2)
Warning: In design 'SOC_TOP', net 'NPU/synopsys_unconnected_163' driven by pin 'NPU/NPU/debug_output[33]' has no loads. (LINT-2)
Warning: In design 'SOC_TOP', net 'NPU/synopsys_unconnected_162' driven by pin 'NPU/NPU/debug_output[34]' has no loads. (LINT-2)
Warning: In design 'SOC_TOP', net 'NPU/synopsys_unconnected_161' driven by pin 'NPU/NPU/debug_output[35]' has no loads. (LINT-2)
Warning: In design 'SOC_TOP', net 'NPU/synopsys_unconnected_160' driven by pin 'NPU/NPU/debug_output[36]' has no loads. (LINT-2)
Warning: In design 'SOC_TOP', net 'NPU/synopsys_unconnected_159' driven by pin 'NPU/NPU/debug_output[37]' has no loads. (LINT-2)
Warning: In design 'SOC_TOP', net 'NPU/synopsys_unconnected_158' driven by pin 'NPU/NPU/debug_output[38]' has no loads. (LINT-2)
Warning: In design 'SOC_TOP', net 'NPU/synopsys_unconnected_157' driven by pin 'NPU/NPU/debug_output[39]' has no loads. (LINT-2)
Warning: In design 'SOC_TOP', net 'NPU/synopsys_unconnected_156' driven by pin 'NPU/NPU/debug_output[40]' has no loads. (LINT-2)
Warning: In design 'SOC_TOP', net 'NPU/synopsys_unconnected_155' driven by pin 'NPU/NPU/debug_output[41]' has no loads. (LINT-2)
Warning: In design 'SOC_TOP', net 'NPU/synopsys_unconnected_154' driven by pin 'NPU/NPU/debug_output[42]' has no loads. (LINT-2)
Warning: In design 'SOC_TOP', net 'NPU/synopsys_unconnected_153' driven by pin 'NPU/NPU/debug_output[43]' has no loads. (LINT-2)
Warning: In design 'SOC_TOP', net 'NPU/synopsys_unconnected_152' driven by pin 'NPU/NPU/debug_output[44]' has no loads. (LINT-2)
Warning: In design 'SOC_TOP', net 'NPU/synopsys_unconnected_151' driven by pin 'NPU/NPU/debug_output[45]' has no loads. (LINT-2)
Warning: In design 'SOC_TOP', net 'NPU/synopsys_unconnected_150' driven by pin 'NPU/NPU/debug_output[46]' has no loads. (LINT-2)
Warning: In design 'SOC_TOP', net 'NPU/synopsys_unconnected_149' driven by pin 'NPU/NPU/debug_output[47]' has no loads. (LINT-2)
Warning: In design 'SOC_TOP', net 'NPU/synopsys_unconnected_148' driven by pin 'NPU/NPU/debug_output[48]' has no loads. (LINT-2)
Warning: In design 'SOC_TOP', net 'NPU/synopsys_unconnected_147' driven by pin 'NPU/NPU/debug_output[49]' has no loads. (LINT-2)
Warning: In design 'SOC_TOP', net 'NPU/synopsys_unconnected_146' driven by pin 'NPU/NPU/debug_output[50]' has no loads. (LINT-2)
Warning: In design 'SOC_TOP', net 'NPU/synopsys_unconnected_145' driven by pin 'NPU/NPU/debug_output[51]' has no loads. (LINT-2)
Warning: In design 'SOC_TOP', net 'NPU/synopsys_unconnected_144' driven by pin 'NPU/NPU/debug_output[52]' has no loads. (LINT-2)
Warning: In design 'SOC_TOP', net 'NPU/synopsys_unconnected_143' driven by pin 'NPU/NPU/debug_output[53]' has no loads. (LINT-2)
Warning: In design 'SOC_TOP', net 'NPU/synopsys_unconnected_142' driven by pin 'NPU/NPU/debug_output[54]' has no loads. (LINT-2)
Warning: In design 'SOC_TOP', net 'NPU/synopsys_unconnected_141' driven by pin 'NPU/NPU/debug_output[55]' has no loads. (LINT-2)
Warning: In design 'SOC_TOP', net 'NPU/synopsys_unconnected_140' driven by pin 'NPU/NPU/debug_output[56]' has no loads. (LINT-2)
Warning: In design 'SOC_TOP', net 'NPU/synopsys_unconnected_139' driven by pin 'NPU/NPU/debug_output[57]' has no loads. (LINT-2)
Warning: In design 'SOC_TOP', net 'NPU/synopsys_unconnected_138' driven by pin 'NPU/NPU/debug_output[58]' has no loads. (LINT-2)
Warning: In design 'SOC_TOP', net 'NPU/synopsys_unconnected_137' driven by pin 'NPU/NPU/debug_output[59]' has no loads. (LINT-2)
Warning: In design 'SOC_TOP', net 'NPU/synopsys_unconnected_136' driven by pin 'NPU/NPU/debug_output[60]' has no loads. (LINT-2)
Warning: In design 'SOC_TOP', net 'NPU/synopsys_unconnected_135' driven by pin 'NPU/NPU/debug_output[61]' has no loads. (LINT-2)
Warning: In design 'SOC_TOP', net 'NPU/synopsys_unconnected_134' driven by pin 'NPU/NPU/debug_output[62]' has no loads. (LINT-2)
Warning: In design 'SOC_TOP', net 'NPU/synopsys_unconnected_133' driven by pin 'NPU/NPU/debug_output[63]' has no loads. (LINT-2)
Warning: In design 'SOC_TOP', net 'NPU/synopsys_unconnected_132' driven by pin 'NPU/NPU/debug_output[64]' has no loads. (LINT-2)
Warning: In design 'SOC_TOP', net 'NPU/synopsys_unconnected_131' driven by pin 'NPU/NPU/debug_output[65]' has no loads. (LINT-2)
Warning: In design 'SOC_TOP', net 'NPU/synopsys_unconnected_130' driven by pin 'NPU/NPU/debug_output[66]' has no loads. (LINT-2)
Warning: In design 'SOC_TOP', net 'NPU/synopsys_unconnected_129' driven by pin 'NPU/NPU/debug_output[67]' has no loads. (LINT-2)
Warning: In design 'SOC_TOP', net 'NPU/synopsys_unconnected_128' driven by pin 'NPU/NPU/debug_output[68]' has no loads. (LINT-2)
Warning: In design 'SOC_TOP', net 'NPU/synopsys_unconnected_127' driven by pin 'NPU/NPU/debug_output[69]' has no loads. (LINT-2)
Warning: In design 'SOC_TOP', net 'NPU/synopsys_unconnected_126' driven by pin 'NPU/NPU/debug_output[70]' has no loads. (LINT-2)
Warning: In design 'SOC_TOP', net 'NPU/synopsys_unconnected_125' driven by pin 'NPU/NPU/debug_output[71]' has no loads. (LINT-2)
Warning: In design 'SOC_TOP', net 'NPU/synopsys_unconnected_124' driven by pin 'NPU/NPU/debug_output[72]' has no loads. (LINT-2)
Warning: In design 'SOC_TOP', net 'NPU/synopsys_unconnected_123' driven by pin 'NPU/NPU/debug_output[73]' has no loads. (LINT-2)
Warning: In design 'SOC_TOP', net 'NPU/synopsys_unconnected_122' driven by pin 'NPU/NPU/debug_output[74]' has no loads. (LINT-2)
Warning: In design 'SOC_TOP', net 'NPU/synopsys_unconnected_121' driven by pin 'NPU/NPU/debug_output[75]' has no loads. (LINT-2)
Warning: In design 'SOC_TOP', net 'NPU/synopsys_unconnected_120' driven by pin 'NPU/NPU/debug_output[76]' has no loads. (LINT-2)
Warning: In design 'SOC_TOP', net 'NPU/synopsys_unconnected_119' driven by pin 'NPU/NPU/debug_output[77]' has no loads. (LINT-2)
Warning: In design 'SOC_TOP', net 'NPU/synopsys_unconnected_118' driven by pin 'NPU/NPU/debug_output[78]' has no loads. (LINT-2)
Warning: In design 'SOC_TOP', net 'NPU/synopsys_unconnected_117' driven by pin 'NPU/NPU/debug_output[79]' has no loads. (LINT-2)
Warning: In design 'SOC_TOP', net 'NPU/synopsys_unconnected_116' driven by pin 'NPU/NPU/debug_output[80]' has no loads. (LINT-2)
Warning: In design 'SOC_TOP', net 'NPU/synopsys_unconnected_115' driven by pin 'NPU/NPU/debug_output[81]' has no loads. (LINT-2)
Warning: In design 'SOC_TOP', net 'NPU/synopsys_unconnected_114' driven by pin 'NPU/NPU/debug_output[82]' has no loads. (LINT-2)
Warning: In design 'SOC_TOP', net 'NPU/synopsys_unconnected_113' driven by pin 'NPU/NPU/debug_output[83]' has no loads. (LINT-2)
Warning: In design 'SOC_TOP', net 'NPU/synopsys_unconnected_112' driven by pin 'NPU/NPU/debug_output[84]' has no loads. (LINT-2)
Warning: In design 'SOC_TOP', net 'NPU/synopsys_unconnected_111' driven by pin 'NPU/NPU/debug_output[85]' has no loads. (LINT-2)
Warning: In design 'SOC_TOP', net 'NPU/synopsys_unconnected_110' driven by pin 'NPU/NPU/debug_output[86]' has no loads. (LINT-2)
Warning: In design 'SOC_TOP', net 'NPU/synopsys_unconnected_109' driven by pin 'NPU/NPU/debug_output[87]' has no loads. (LINT-2)
Warning: In design 'SOC_TOP', net 'NPU/synopsys_unconnected_108' driven by pin 'NPU/NPU/debug_output[88]' has no loads. (LINT-2)
Warning: In design 'SOC_TOP', net 'NPU/synopsys_unconnected_107' driven by pin 'NPU/NPU/debug_output[89]' has no loads. (LINT-2)
Warning: In design 'SOC_TOP', net 'NPU/synopsys_unconnected_106' driven by pin 'NPU/NPU/debug_output[90]' has no loads. (LINT-2)
Warning: In design 'SOC_TOP', net 'NPU/synopsys_unconnected_105' driven by pin 'NPU/NPU/debug_output[91]' has no loads. (LINT-2)
Warning: In design 'SOC_TOP', net 'NPU/synopsys_unconnected_104' driven by pin 'NPU/NPU/debug_output[92]' has no loads. (LINT-2)
Warning: In design 'SOC_TOP', net 'NPU/synopsys_unconnected_103' driven by pin 'NPU/NPU/debug_output[93]' has no loads. (LINT-2)
Warning: In design 'SOC_TOP', net 'NPU/synopsys_unconnected_102' driven by pin 'NPU/NPU/debug_output[94]' has no loads. (LINT-2)
Warning: In design 'SOC_TOP', net 'NPU/synopsys_unconnected_101' driven by pin 'NPU/NPU/debug_output[95]' has no loads. (LINT-2)
Warning: In design 'SOC_TOP', net 'NPU/synopsys_unconnected_100' driven by pin 'NPU/NPU/debug_output[96]' has no loads. (LINT-2)
Warning: In design 'SOC_TOP', net 'NPU/synopsys_unconnected_99' driven by pin 'NPU/NPU/debug_output[97]' has no loads. (LINT-2)
Warning: In design 'SOC_TOP', net 'NPU/synopsys_unconnected_98' driven by pin 'NPU/NPU/debug_output[98]' has no loads. (LINT-2)
Warning: In design 'SOC_TOP', net 'NPU/synopsys_unconnected_97' driven by pin 'NPU/NPU/debug_output[99]' has no loads. (LINT-2)
Warning: In design 'SOC_TOP', net 'NPU/synopsys_unconnected_96' driven by pin 'NPU/NPU/debug_output[100]' has no loads. (LINT-2)
Warning: In design 'SOC_TOP', net 'NPU/synopsys_unconnected_95' driven by pin 'NPU/NPU/debug_output[101]' has no loads. (LINT-2)
Warning: In design 'SOC_TOP', net 'NPU/synopsys_unconnected_94' driven by pin 'NPU/NPU/debug_output[102]' has no loads. (LINT-2)
Warning: In design 'SOC_TOP', net 'NPU/synopsys_unconnected_93' driven by pin 'NPU/NPU/debug_output[103]' has no loads. (LINT-2)
Warning: In design 'SOC_TOP', net 'NPU/synopsys_unconnected_92' driven by pin 'NPU/NPU/debug_output[104]' has no loads. (LINT-2)
Warning: In design 'SOC_TOP', net 'NPU/synopsys_unconnected_91' driven by pin 'NPU/NPU/debug_output[105]' has no loads. (LINT-2)
Warning: In design 'SOC_TOP', net 'NPU/synopsys_unconnected_90' driven by pin 'NPU/NPU/debug_output[106]' has no loads. (LINT-2)
Warning: In design 'SOC_TOP', net 'NPU/synopsys_unconnected_89' driven by pin 'NPU/NPU/debug_output[107]' has no loads. (LINT-2)
Warning: In design 'SOC_TOP', net 'NPU/synopsys_unconnected_88' driven by pin 'NPU/NPU/debug_output[108]' has no loads. (LINT-2)
Warning: In design 'SOC_TOP', net 'NPU/synopsys_unconnected_87' driven by pin 'NPU/NPU/debug_output[109]' has no loads. (LINT-2)
Warning: In design 'SOC_TOP', net 'NPU/synopsys_unconnected_86' driven by pin 'NPU/NPU/debug_output[110]' has no loads. (LINT-2)
Warning: In design 'SOC_TOP', net 'NPU/synopsys_unconnected_85' driven by pin 'NPU/NPU/debug_output[111]' has no loads. (LINT-2)
Warning: In design 'SOC_TOP', net 'NPU/synopsys_unconnected_84' driven by pin 'NPU/NPU/debug_output[112]' has no loads. (LINT-2)
Warning: In design 'SOC_TOP', net 'NPU/synopsys_unconnected_83' driven by pin 'NPU/NPU/debug_output[113]' has no loads. (LINT-2)
Warning: In design 'SOC_TOP', net 'NPU/synopsys_unconnected_82' driven by pin 'NPU/NPU/debug_output[114]' has no loads. (LINT-2)
Warning: In design 'SOC_TOP', net 'NPU/synopsys_unconnected_81' driven by pin 'NPU/NPU/debug_output[115]' has no loads. (LINT-2)
Warning: In design 'SOC_TOP', net 'NPU/synopsys_unconnected_80' driven by pin 'NPU/NPU/debug_output[116]' has no loads. (LINT-2)
Warning: In design 'SOC_TOP', net 'NPU/synopsys_unconnected_79' driven by pin 'NPU/NPU/debug_output[117]' has no loads. (LINT-2)
Warning: In design 'SOC_TOP', net 'NPU/synopsys_unconnected_78' driven by pin 'NPU/NPU/debug_output[118]' has no loads. (LINT-2)
Warning: In design 'SOC_TOP', net 'NPU/synopsys_unconnected_77' driven by pin 'NPU/NPU/debug_output[119]' has no loads. (LINT-2)
Warning: In design 'SOC_TOP', net 'NPU/synopsys_unconnected_76' driven by pin 'NPU/NPU/debug_output[120]' has no loads. (LINT-2)
Warning: In design 'SOC_TOP', net 'NPU/synopsys_unconnected_75' driven by pin 'NPU/NPU/debug_output[121]' has no loads. (LINT-2)
Warning: In design 'SOC_TOP', net 'NPU/synopsys_unconnected_74' driven by pin 'NPU/NPU/debug_output[122]' has no loads. (LINT-2)
Warning: In design 'SOC_TOP', net 'NPU/synopsys_unconnected_73' driven by pin 'NPU/NPU/debug_output[123]' has no loads. (LINT-2)
Warning: In design 'SOC_TOP', net 'NPU/synopsys_unconnected_72' driven by pin 'NPU/NPU/debug_output[124]' has no loads. (LINT-2)
Warning: In design 'SOC_TOP', net 'NPU/synopsys_unconnected_71' driven by pin 'NPU/NPU/debug_output[125]' has no loads. (LINT-2)
Warning: In design 'SOC_TOP', net 'NPU/synopsys_unconnected_70' driven by pin 'NPU/NPU/debug_output[126]' has no loads. (LINT-2)
Warning: In design 'SOC_TOP', net 'NPU/synopsys_unconnected_69' driven by pin 'NPU/NPU/debug_output[127]' has no loads. (LINT-2)
Warning: In design 'SOC_TOP', net 'NPU/synopsys_unconnected_68' driven by pin 'NPU/NPU/debug3_o[0]' has no loads. (LINT-2)
Warning: In design 'SOC_TOP', net 'NPU/synopsys_unconnected_67' driven by pin 'NPU/NPU/debug3_o[1]' has no loads. (LINT-2)
Warning: In design 'SOC_TOP', net 'NPU/synopsys_unconnected_66' driven by pin 'NPU/NPU/debug3_o[2]' has no loads. (LINT-2)
Warning: In design 'SOC_TOP', net 'NPU/synopsys_unconnected_65' driven by pin 'NPU/NPU/debug3_o[3]' has no loads. (LINT-2)
Warning: In design 'SOC_TOP', net 'NPU/synopsys_unconnected_64' driven by pin 'NPU/NPU/debug2_o[0]' has no loads. (LINT-2)
Warning: In design 'SOC_TOP', net 'NPU/synopsys_unconnected_63' driven by pin 'NPU/NPU/debug2_o[1]' has no loads. (LINT-2)
Warning: In design 'SOC_TOP', net 'NPU/synopsys_unconnected_62' driven by pin 'NPU/NPU/debug2_o[2]' has no loads. (LINT-2)
Warning: In design 'SOC_TOP', net 'NPU/synopsys_unconnected_61' driven by pin 'NPU/NPU/debug2_o[3]' has no loads. (LINT-2)
Warning: In design 'SOC_TOP', net 'NPU/synopsys_unconnected_60' driven by pin 'NPU/NPU/debug2_o[4]' has no loads. (LINT-2)
Warning: In design 'SOC_TOP', net 'NPU/synopsys_unconnected_59' driven by pin 'NPU/NPU/debug2_o[5]' has no loads. (LINT-2)
Warning: In design 'SOC_TOP', net 'NPU/synopsys_unconnected_58' driven by pin 'NPU/NPU/debug2_o[6]' has no loads. (LINT-2)
Warning: In design 'SOC_TOP', net 'NPU/synopsys_unconnected_57' driven by pin 'NPU/NPU/debug2_o[7]' has no loads. (LINT-2)
Warning: In design 'SOC_TOP', net 'NPU/synopsys_unconnected_56' driven by pin 'NPU/NPU/debug2_o[8]' has no loads. (LINT-2)
Warning: In design 'SOC_TOP', net 'NPU/synopsys_unconnected_55' driven by pin 'NPU/NPU/debug2_o[9]' has no loads. (LINT-2)
Warning: In design 'SOC_TOP', net 'NPU/synopsys_unconnected_54' driven by pin 'NPU/NPU/debug2_o[10]' has no loads. (LINT-2)
Warning: In design 'SOC_TOP', net 'NPU/synopsys_unconnected_53' driven by pin 'NPU/NPU/debug2_o[11]' has no loads. (LINT-2)
Warning: In design 'SOC_TOP', net 'NPU/synopsys_unconnected_52' driven by pin 'NPU/NPU/debug2_o[12]' has no loads. (LINT-2)
Warning: In design 'SOC_TOP', net 'NPU/synopsys_unconnected_51' driven by pin 'NPU/NPU/debug2_o[13]' has no loads. (LINT-2)
Warning: In design 'SOC_TOP', net 'NPU/synopsys_unconnected_50' driven by pin 'NPU/NPU/debug2_o[14]' has no loads. (LINT-2)
Warning: In design 'SOC_TOP', net 'NPU/synopsys_unconnected_49' driven by pin 'NPU/NPU/debug2_o[15]' has no loads. (LINT-2)
Warning: In design 'SOC_TOP', net 'NPU/synopsys_unconnected_48' driven by pin 'NPU/NPU/debug2_o[16]' has no loads. (LINT-2)
Warning: In design 'SOC_TOP', net 'NPU/synopsys_unconnected_47' driven by pin 'NPU/NPU/debug2_o[17]' has no loads. (LINT-2)
Warning: In design 'SOC_TOP', net 'NPU/synopsys_unconnected_46' driven by pin 'NPU/NPU/debug2_o[18]' has no loads. (LINT-2)
Warning: In design 'SOC_TOP', net 'NPU/synopsys_unconnected_45' driven by pin 'NPU/NPU/debug2_o[19]' has no loads. (LINT-2)
Warning: In design 'SOC_TOP', net 'NPU/synopsys_unconnected_44' driven by pin 'NPU/NPU/debug2_o[20]' has no loads. (LINT-2)
Warning: In design 'SOC_TOP', net 'NPU/synopsys_unconnected_43' driven by pin 'NPU/NPU/debug2_o[21]' has no loads. (LINT-2)
Warning: In design 'SOC_TOP', net 'NPU/synopsys_unconnected_42' driven by pin 'NPU/NPU/debug2_o[22]' has no loads. (LINT-2)
Warning: In design 'SOC_TOP', net 'NPU/synopsys_unconnected_41' driven by pin 'NPU/NPU/debug2_o[23]' has no loads. (LINT-2)
Warning: In design 'SOC_TOP', net 'NPU/synopsys_unconnected_40' driven by pin 'NPU/NPU/debug2_o[24]' has no loads. (LINT-2)
Warning: In design 'SOC_TOP', net 'NPU/synopsys_unconnected_39' driven by pin 'NPU/NPU/debug2_o[25]' has no loads. (LINT-2)
Warning: In design 'SOC_TOP', net 'NPU/synopsys_unconnected_38' driven by pin 'NPU/NPU/debug2_o[26]' has no loads. (LINT-2)
Warning: In design 'SOC_TOP', net 'NPU/synopsys_unconnected_37' driven by pin 'NPU/NPU/debug2_o[27]' has no loads. (LINT-2)
Warning: In design 'SOC_TOP', net 'NPU/synopsys_unconnected_36' driven by pin 'NPU/NPU/debug2_o[28]' has no loads. (LINT-2)
Warning: In design 'SOC_TOP', net 'NPU/synopsys_unconnected_35' driven by pin 'NPU/NPU/debug2_o[29]' has no loads. (LINT-2)
Warning: In design 'SOC_TOP', net 'NPU/synopsys_unconnected_34' driven by pin 'NPU/NPU/debug2_o[30]' has no loads. (LINT-2)
Warning: In design 'SOC_TOP', net 'NPU/synopsys_unconnected_33' driven by pin 'NPU/NPU/debug2_o[31]' has no loads. (LINT-2)
Warning: In design 'SOC_TOP', net 'NPU/synopsys_unconnected_32' driven by pin 'NPU/NPU/debug1_o[0]' has no loads. (LINT-2)
Warning: In design 'SOC_TOP', net 'NPU/synopsys_unconnected_31' driven by pin 'NPU/NPU/debug1_o[1]' has no loads. (LINT-2)
Warning: In design 'SOC_TOP', net 'NPU/synopsys_unconnected_30' driven by pin 'NPU/NPU/debug1_o[2]' has no loads. (LINT-2)
Warning: In design 'SOC_TOP', net 'NPU/synopsys_unconnected_29' driven by pin 'NPU/NPU/debug1_o[3]' has no loads. (LINT-2)
Warning: In design 'SOC_TOP', net 'NPU/synopsys_unconnected_28' driven by pin 'NPU/NPU/debug1_o[4]' has no loads. (LINT-2)
Warning: In design 'SOC_TOP', net 'NPU/synopsys_unconnected_27' driven by pin 'NPU/NPU/debug1_o[5]' has no loads. (LINT-2)
Warning: In design 'SOC_TOP', net 'NPU/synopsys_unconnected_26' driven by pin 'NPU/NPU/debug1_o[6]' has no loads. (LINT-2)
Warning: In design 'SOC_TOP', net 'NPU/synopsys_unconnected_25' driven by pin 'NPU/NPU/debug1_o[7]' has no loads. (LINT-2)
Warning: In design 'SOC_TOP', net 'NPU/synopsys_unconnected_24' driven by pin 'NPU/NPU/debug1_o[8]' has no loads. (LINT-2)
Warning: In design 'SOC_TOP', net 'NPU/synopsys_unconnected_23' driven by pin 'NPU/NPU/debug1_o[9]' has no loads. (LINT-2)
Warning: In design 'SOC_TOP', net 'NPU/synopsys_unconnected_22' driven by pin 'NPU/NPU/debug1_o[10]' has no loads. (LINT-2)
Warning: In design 'SOC_TOP', net 'NPU/synopsys_unconnected_21' driven by pin 'NPU/NPU/debug1_o[11]' has no loads. (LINT-2)
Warning: In design 'SOC_TOP', net 'NPU/synopsys_unconnected_20' driven by pin 'NPU/NPU/debug1_o[12]' has no loads. (LINT-2)
Warning: In design 'SOC_TOP', net 'NPU/synopsys_unconnected_19' driven by pin 'NPU/NPU/debug1_o[13]' has no loads. (LINT-2)
Warning: In design 'SOC_TOP', net 'NPU/synopsys_unconnected_18' driven by pin 'NPU/NPU/debug1_o[14]' has no loads. (LINT-2)
Warning: In design 'SOC_TOP', net 'NPU/synopsys_unconnected_17' driven by pin 'NPU/NPU/debug1_o[15]' has no loads. (LINT-2)
Warning: In design 'SOC_TOP', net 'NPU/synopsys_unconnected_16' driven by pin 'NPU/NPU/debug1_o[16]' has no loads. (LINT-2)
Warning: In design 'SOC_TOP', net 'NPU/synopsys_unconnected_15' driven by pin 'NPU/NPU/debug1_o[17]' has no loads. (LINT-2)
Warning: In design 'SOC_TOP', net 'NPU/synopsys_unconnected_14' driven by pin 'NPU/NPU/debug1_o[18]' has no loads. (LINT-2)
Warning: In design 'SOC_TOP', net 'NPU/synopsys_unconnected_13' driven by pin 'NPU/NPU/debug1_o[19]' has no loads. (LINT-2)
Warning: In design 'SOC_TOP', net 'NPU/synopsys_unconnected_12' driven by pin 'NPU/NPU/debug1_o[20]' has no loads. (LINT-2)
Warning: In design 'SOC_TOP', net 'NPU/synopsys_unconnected_11' driven by pin 'NPU/NPU/debug1_o[21]' has no loads. (LINT-2)
Warning: In design 'SOC_TOP', net 'NPU/synopsys_unconnected_10' driven by pin 'NPU/NPU/debug1_o[22]' has no loads. (LINT-2)
Warning: In design 'SOC_TOP', net 'NPU/synopsys_unconnected_9' driven by pin 'NPU/NPU/debug1_o[23]' has no loads. (LINT-2)
Warning: In design 'SOC_TOP', net 'NPU/synopsys_unconnected_8' driven by pin 'NPU/NPU/debug1_o[24]' has no loads. (LINT-2)
Warning: In design 'SOC_TOP', net 'NPU/synopsys_unconnected_7' driven by pin 'NPU/NPU/debug1_o[25]' has no loads. (LINT-2)
Warning: In design 'SOC_TOP', net 'NPU/synopsys_unconnected_6' driven by pin 'NPU/NPU/debug1_o[26]' has no loads. (LINT-2)
Warning: In design 'SOC_TOP', net 'NPU/synopsys_unconnected_5' driven by pin 'NPU/NPU/debug1_o[27]' has no loads. (LINT-2)
Warning: In design 'SOC_TOP', net 'NPU/synopsys_unconnected_4' driven by pin 'NPU/NPU/debug1_o[28]' has no loads. (LINT-2)
Warning: In design 'SOC_TOP', net 'NPU/synopsys_unconnected_3' driven by pin 'NPU/NPU/debug1_o[29]' has no loads. (LINT-2)
Warning: In design 'SOC_TOP', net 'NPU/synopsys_unconnected_2' driven by pin 'NPU/NPU/debug1_o[30]' has no loads. (LINT-2)
Warning: In design 'SOC_TOP', net 'NPU/synopsys_unconnected_1' driven by pin 'NPU/NPU/debug1_o[31]' has no loads. (LINT-2)
Warning: In design 'SOC_TOP', input port 'clk_i' drives wired logic; the port direction may have been specified incorrectly. (LINT-6)
Warning: In design 'SOC_TOP', input port 'rst_ni' drives wired logic; the port direction may have been specified incorrectly. (LINT-6)
Warning: In design 'SOC_TOP', input port 'dmem_ready_i' drives wired logic; the port direction may have been specified incorrectly. (LINT-6)
Warning: In design 'SOC_TOP', input port 'dmem_rdata_i[31]' drives wired logic; the port direction may have been specified incorrectly. (LINT-6)
Warning: In design 'SOC_TOP', input port 'dmem_rdata_i[30]' drives wired logic; the port direction may have been specified incorrectly. (LINT-6)
Warning: In design 'SOC_TOP', input port 'dmem_rdata_i[29]' drives wired logic; the port direction may have been specified incorrectly. (LINT-6)
Warning: In design 'SOC_TOP', input port 'dmem_rdata_i[28]' drives wired logic; the port direction may have been specified incorrectly. (LINT-6)
Warning: In design 'SOC_TOP', input port 'dmem_rdata_i[27]' drives wired logic; the port direction may have been specified incorrectly. (LINT-6)
Warning: In design 'SOC_TOP', input port 'dmem_rdata_i[26]' drives wired logic; the port direction may have been specified incorrectly. (LINT-6)
Warning: In design 'SOC_TOP', input port 'dmem_rdata_i[25]' drives wired logic; the port direction may have been specified incorrectly. (LINT-6)
Warning: In design 'SOC_TOP', input port 'dmem_rdata_i[24]' drives wired logic; the port direction may have been specified incorrectly. (LINT-6)
Warning: In design 'SOC_TOP', input port 'dmem_rdata_i[23]' drives wired logic; the port direction may have been specified incorrectly. (LINT-6)
Warning: In design 'SOC_TOP', input port 'dmem_rdata_i[22]' drives wired logic; the port direction may have been specified incorrectly. (LINT-6)
Warning: In design 'SOC_TOP', input port 'dmem_rdata_i[21]' drives wired logic; the port direction may have been specified incorrectly. (LINT-6)
Warning: In design 'SOC_TOP', input port 'dmem_rdata_i[20]' drives wired logic; the port direction may have been specified incorrectly. (LINT-6)
Warning: In design 'SOC_TOP', input port 'dmem_rdata_i[19]' drives wired logic; the port direction may have been specified incorrectly. (LINT-6)
Warning: In design 'SOC_TOP', input port 'dmem_rdata_i[18]' drives wired logic; the port direction may have been specified incorrectly. (LINT-6)
Warning: In design 'SOC_TOP', input port 'dmem_rdata_i[17]' drives wired logic; the port direction may have been specified incorrectly. (LINT-6)
Warning: In design 'SOC_TOP', input port 'dmem_rdata_i[16]' drives wired logic; the port direction may have been specified incorrectly. (LINT-6)
Warning: In design 'SOC_TOP', input port 'dmem_rdata_i[15]' drives wired logic; the port direction may have been specified incorrectly. (LINT-6)
Warning: In design 'SOC_TOP', input port 'dmem_rdata_i[14]' drives wired logic; the port direction may have been specified incorrectly. (LINT-6)
Warning: In design 'SOC_TOP', input port 'dmem_rdata_i[13]' drives wired logic; the port direction may have been specified incorrectly. (LINT-6)
Warning: In design 'SOC_TOP', input port 'dmem_rdata_i[12]' drives wired logic; the port direction may have been specified incorrectly. (LINT-6)
Warning: In design 'SOC_TOP', input port 'dmem_rdata_i[11]' drives wired logic; the port direction may have been specified incorrectly. (LINT-6)
Warning: In design 'SOC_TOP', input port 'dmem_rdata_i[10]' drives wired logic; the port direction may have been specified incorrectly. (LINT-6)
Warning: In design 'SOC_TOP', input port 'dmem_rdata_i[9]' drives wired logic; the port direction may have been specified incorrectly. (LINT-6)
Warning: In design 'SOC_TOP', input port 'dmem_rdata_i[8]' drives wired logic; the port direction may have been specified incorrectly. (LINT-6)
Warning: In design 'SOC_TOP', input port 'dmem_rdata_i[7]' drives wired logic; the port direction may have been specified incorrectly. (LINT-6)
Warning: In design 'SOC_TOP', input port 'dmem_rdata_i[6]' drives wired logic; the port direction may have been specified incorrectly. (LINT-6)
Warning: In design 'SOC_TOP', input port 'dmem_rdata_i[5]' drives wired logic; the port direction may have been specified incorrectly. (LINT-6)
Warning: In design 'SOC_TOP', input port 'dmem_rdata_i[4]' drives wired logic; the port direction may have been specified incorrectly. (LINT-6)
Warning: In design 'SOC_TOP', input port 'dmem_rdata_i[3]' drives wired logic; the port direction may have been specified incorrectly. (LINT-6)
Warning: In design 'SOC_TOP', input port 'dmem_rdata_i[2]' drives wired logic; the port direction may have been specified incorrectly. (LINT-6)
Warning: In design 'SOC_TOP', input port 'dmem_rdata_i[1]' drives wired logic; the port direction may have been specified incorrectly. (LINT-6)
Warning: In design 'SOC_TOP', input port 'dmem_rdata_i[0]' drives wired logic; the port direction may have been specified incorrectly. (LINT-6)
Warning: In design 'NPU_TOP_DWidth32', input port 'clk_i' drives wired logic; the port direction may have been specified incorrectly. (LINT-6)
Warning: In design 'NPU_TOP_DWidth32', input port 'rst_ni' drives wired logic; the port direction may have been specified incorrectly. (LINT-6)
Warning: In design 'NPU_TOP_DWidth32', input port 'sel_i' drives wired logic; the port direction may have been specified incorrectly. (LINT-6)
Warning: In design 'NPU_TOP_DWidth32', input port 'trans_i' drives wired logic; the port direction may have been specified incorrectly. (LINT-6)
Warning: In design 'NPU_TOP_DWidth32', input port 'ready_i' drives wired logic; the port direction may have been specified incorrectly. (LINT-6)
Warning: In design 'NPU_TOP_DWidth32', input port 'write_i' drives wired logic; the port direction may have been specified incorrectly. (LINT-6)
Warning: In design 'NPU_TOP_DWidth32', input port 'addr_i[31]' drives wired logic; the port direction may have been specified incorrectly. (LINT-6)
Warning: In design 'NPU_TOP_DWidth32', input port 'addr_i[30]' drives wired logic; the port direction may have been specified incorrectly. (LINT-6)
Warning: In design 'NPU_TOP_DWidth32', input port 'addr_i[29]' drives wired logic; the port direction may have been specified incorrectly. (LINT-6)
Warning: In design 'NPU_TOP_DWidth32', input port 'addr_i[28]' drives wired logic; the port direction may have been specified incorrectly. (LINT-6)
Warning: In design 'NPU_TOP_DWidth32', input port 'addr_i[27]' drives wired logic; the port direction may have been specified incorrectly. (LINT-6)
Warning: In design 'NPU_TOP_DWidth32', input port 'addr_i[26]' drives wired logic; the port direction may have been specified incorrectly. (LINT-6)
Warning: In design 'NPU_TOP_DWidth32', input port 'addr_i[25]' drives wired logic; the port direction may have been specified incorrectly. (LINT-6)
Warning: In design 'NPU_TOP_DWidth32', input port 'addr_i[24]' drives wired logic; the port direction may have been specified incorrectly. (LINT-6)
Warning: In design 'NPU_TOP_DWidth32', input port 'addr_i[23]' drives wired logic; the port direction may have been specified incorrectly. (LINT-6)
Warning: In design 'NPU_TOP_DWidth32', input port 'addr_i[22]' drives wired logic; the port direction may have been specified incorrectly. (LINT-6)
Warning: In design 'NPU_TOP_DWidth32', input port 'addr_i[21]' drives wired logic; the port direction may have been specified incorrectly. (LINT-6)
Warning: In design 'NPU_TOP_DWidth32', input port 'addr_i[20]' drives wired logic; the port direction may have been specified incorrectly. (LINT-6)
Warning: In design 'NPU_TOP_DWidth32', input port 'addr_i[19]' drives wired logic; the port direction may have been specified incorrectly. (LINT-6)
Warning: In design 'NPU_TOP_DWidth32', input port 'addr_i[18]' drives wired logic; the port direction may have been specified incorrectly. (LINT-6)
Warning: In design 'NPU_TOP_DWidth32', input port 'addr_i[17]' drives wired logic; the port direction may have been specified incorrectly. (LINT-6)
Warning: In design 'NPU_TOP_DWidth32', input port 'addr_i[16]' drives wired logic; the port direction may have been specified incorrectly. (LINT-6)
Warning: In design 'NPU_TOP_DWidth32', input port 'addr_i[15]' drives wired logic; the port direction may have been specified incorrectly. (LINT-6)
Warning: In design 'NPU_TOP_DWidth32', input port 'addr_i[14]' drives wired logic; the port direction may have been specified incorrectly. (LINT-6)
Warning: In design 'NPU_TOP_DWidth32', input port 'addr_i[13]' drives wired logic; the port direction may have been specified incorrectly. (LINT-6)
Warning: In design 'NPU_TOP_DWidth32', input port 'addr_i[12]' drives wired logic; the port direction may have been specified incorrectly. (LINT-6)
Warning: In design 'NPU_TOP_DWidth32', input port 'addr_i[11]' drives wired logic; the port direction may have been specified incorrectly. (LINT-6)
Warning: In design 'NPU_TOP_DWidth32', input port 'addr_i[10]' drives wired logic; the port direction may have been specified incorrectly. (LINT-6)
Warning: In design 'NPU_TOP_DWidth32', input port 'addr_i[9]' drives wired logic; the port direction may have been specified incorrectly. (LINT-6)
Warning: In design 'NPU_TOP_DWidth32', input port 'addr_i[8]' drives wired logic; the port direction may have been specified incorrectly. (LINT-6)
Warning: In design 'NPU_TOP_DWidth32', input port 'addr_i[7]' drives wired logic; the port direction may have been specified incorrectly. (LINT-6)
Warning: In design 'NPU_TOP_DWidth32', input port 'addr_i[6]' drives wired logic; the port direction may have been specified incorrectly. (LINT-6)
Warning: In design 'NPU_TOP_DWidth32', input port 'addr_i[5]' drives wired logic; the port direction may have been specified incorrectly. (LINT-6)
Warning: In design 'NPU_TOP_DWidth32', input port 'addr_i[4]' drives wired logic; the port direction may have been specified incorrectly. (LINT-6)
Warning: In design 'NPU_TOP_DWidth32', input port 'addr_i[3]' drives wired logic; the port direction may have been specified incorrectly. (LINT-6)
Warning: In design 'NPU_TOP_DWidth32', input port 'addr_i[2]' drives wired logic; the port direction may have been specified incorrectly. (LINT-6)
Warning: In design 'NPU_TOP_DWidth32', input port 'addr_i[1]' drives wired logic; the port direction may have been specified incorrectly. (LINT-6)
Warning: In design 'NPU_TOP_DWidth32', input port 'addr_i[0]' drives wired logic; the port direction may have been specified incorrectly. (LINT-6)
Warning: In design 'NPU_TOP_DWidth32', input port 'wdata_i[31]' drives wired logic; the port direction may have been specified incorrectly. (LINT-6)
Warning: In design 'NPU_TOP_DWidth32', input port 'wdata_i[30]' drives wired logic; the port direction may have been specified incorrectly. (LINT-6)
Warning: In design 'NPU_TOP_DWidth32', input port 'wdata_i[29]' drives wired logic; the port direction may have been specified incorrectly. (LINT-6)
Warning: In design 'NPU_TOP_DWidth32', input port 'wdata_i[28]' drives wired logic; the port direction may have been specified incorrectly. (LINT-6)
Warning: In design 'NPU_TOP_DWidth32', input port 'wdata_i[27]' drives wired logic; the port direction may have been specified incorrectly. (LINT-6)
Warning: In design 'NPU_TOP_DWidth32', input port 'wdata_i[26]' drives wired logic; the port direction may have been specified incorrectly. (LINT-6)
Warning: In design 'NPU_TOP_DWidth32', input port 'wdata_i[25]' drives wired logic; the port direction may have been specified incorrectly. (LINT-6)
Warning: In design 'NPU_TOP_DWidth32', input port 'wdata_i[24]' drives wired logic; the port direction may have been specified incorrectly. (LINT-6)
Warning: In design 'NPU_TOP_DWidth32', input port 'wdata_i[23]' drives wired logic; the port direction may have been specified incorrectly. (LINT-6)
Warning: In design 'NPU_TOP_DWidth32', input port 'wdata_i[22]' drives wired logic; the port direction may have been specified incorrectly. (LINT-6)
Warning: In design 'NPU_TOP_DWidth32', input port 'wdata_i[21]' drives wired logic; the port direction may have been specified incorrectly. (LINT-6)
Warning: In design 'NPU_TOP_DWidth32', input port 'wdata_i[20]' drives wired logic; the port direction may have been specified incorrectly. (LINT-6)
Warning: In design 'NPU_TOP_DWidth32', input port 'wdata_i[19]' drives wired logic; the port direction may have been specified incorrectly. (LINT-6)
Warning: In design 'NPU_TOP_DWidth32', input port 'wdata_i[18]' drives wired logic; the port direction may have been specified incorrectly. (LINT-6)
Warning: In design 'NPU_TOP_DWidth32', input port 'wdata_i[17]' drives wired logic; the port direction may have been specified incorrectly. (LINT-6)
Warning: In design 'NPU_TOP_DWidth32', input port 'wdata_i[16]' drives wired logic; the port direction may have been specified incorrectly. (LINT-6)
Warning: In design 'NPU_TOP_DWidth32', input port 'wdata_i[15]' drives wired logic; the port direction may have been specified incorrectly. (LINT-6)
Warning: In design 'NPU_TOP_DWidth32', input port 'wdata_i[14]' drives wired logic; the port direction may have been specified incorrectly. (LINT-6)
Warning: In design 'NPU_TOP_DWidth32', input port 'wdata_i[13]' drives wired logic; the port direction may have been specified incorrectly. (LINT-6)
Warning: In design 'NPU_TOP_DWidth32', input port 'wdata_i[12]' drives wired logic; the port direction may have been specified incorrectly. (LINT-6)
Warning: In design 'NPU_TOP_DWidth32', input port 'wdata_i[11]' drives wired logic; the port direction may have been specified incorrectly. (LINT-6)
Warning: In design 'NPU_TOP_DWidth32', input port 'wdata_i[10]' drives wired logic; the port direction may have been specified incorrectly. (LINT-6)
Warning: In design 'NPU_TOP_DWidth32', input port 'wdata_i[9]' drives wired logic; the port direction may have been specified incorrectly. (LINT-6)
Warning: In design 'NPU_TOP_DWidth32', input port 'wdata_i[8]' drives wired logic; the port direction may have been specified incorrectly. (LINT-6)
Warning: In design 'NPU_TOP_DWidth32', input port 'wdata_i[7]' drives wired logic; the port direction may have been specified incorrectly. (LINT-6)
Warning: In design 'NPU_TOP_DWidth32', input port 'wdata_i[6]' drives wired logic; the port direction may have been specified incorrectly. (LINT-6)
Warning: In design 'NPU_TOP_DWidth32', input port 'wdata_i[5]' drives wired logic; the port direction may have been specified incorrectly. (LINT-6)
Warning: In design 'NPU_TOP_DWidth32', input port 'wdata_i[4]' drives wired logic; the port direction may have been specified incorrectly. (LINT-6)
Warning: In design 'NPU_TOP_DWidth32', input port 'wdata_i[3]' drives wired logic; the port direction may have been specified incorrectly. (LINT-6)
Warning: In design 'NPU_TOP_DWidth32', input port 'wdata_i[2]' drives wired logic; the port direction may have been specified incorrectly. (LINT-6)
Warning: In design 'NPU_TOP_DWidth32', input port 'wdata_i[1]' drives wired logic; the port direction may have been specified incorrectly. (LINT-6)
Warning: In design 'NPU_TOP_DWidth32', input port 'wdata_i[0]' drives wired logic; the port direction may have been specified incorrectly. (LINT-6)
Warning: In design 'NPU_DWidth32', input port 'clk_i' drives wired logic; the port direction may have been specified incorrectly. (LINT-6)
Warning: In design 'NPU_DWidth32', input port 'rst_ni' drives wired logic; the port direction may have been specified incorrectly. (LINT-6)
Warning: In design 'NPU_DWidth32', input port 'cen_i' drives wired logic; the port direction may have been specified incorrectly. (LINT-6)
Warning: In design 'NPU_DWidth32', input port 'wen_i' drives wired logic; the port direction may have been specified incorrectly. (LINT-6)
Warning: In design 'NPU_DWidth32', input port 'addr_i[31]' drives wired logic; the port direction may have been specified incorrectly. (LINT-6)
Warning: In design 'NPU_DWidth32', input port 'addr_i[30]' drives wired logic; the port direction may have been specified incorrectly. (LINT-6)
Warning: In design 'NPU_DWidth32', input port 'addr_i[29]' drives wired logic; the port direction may have been specified incorrectly. (LINT-6)
Warning: In design 'NPU_DWidth32', input port 'addr_i[28]' drives wired logic; the port direction may have been specified incorrectly. (LINT-6)
Warning: In design 'NPU_DWidth32', input port 'addr_i[27]' drives wired logic; the port direction may have been specified incorrectly. (LINT-6)
Warning: In design 'NPU_DWidth32', input port 'addr_i[26]' drives wired logic; the port direction may have been specified incorrectly. (LINT-6)
Warning: In design 'NPU_DWidth32', input port 'addr_i[25]' drives wired logic; the port direction may have been specified incorrectly. (LINT-6)
Warning: In design 'NPU_DWidth32', input port 'addr_i[24]' drives wired logic; the port direction may have been specified incorrectly. (LINT-6)
Warning: In design 'NPU_DWidth32', input port 'addr_i[23]' drives wired logic; the port direction may have been specified incorrectly. (LINT-6)
Warning: In design 'NPU_DWidth32', input port 'addr_i[22]' drives wired logic; the port direction may have been specified incorrectly. (LINT-6)
Warning: In design 'NPU_DWidth32', input port 'addr_i[21]' drives wired logic; the port direction may have been specified incorrectly. (LINT-6)
Warning: In design 'NPU_DWidth32', input port 'addr_i[20]' drives wired logic; the port direction may have been specified incorrectly. (LINT-6)
Warning: In design 'NPU_DWidth32', input port 'addr_i[19]' drives wired logic; the port direction may have been specified incorrectly. (LINT-6)
Warning: In design 'NPU_DWidth32', input port 'addr_i[18]' drives wired logic; the port direction may have been specified incorrectly. (LINT-6)
Warning: In design 'NPU_DWidth32', input port 'addr_i[17]' drives wired logic; the port direction may have been specified incorrectly. (LINT-6)
Warning: In design 'NPU_DWidth32', input port 'addr_i[16]' drives wired logic; the port direction may have been specified incorrectly. (LINT-6)
Warning: In design 'NPU_DWidth32', input port 'addr_i[15]' drives wired logic; the port direction may have been specified incorrectly. (LINT-6)
Warning: In design 'NPU_DWidth32', input port 'addr_i[14]' drives wired logic; the port direction may have been specified incorrectly. (LINT-6)
Warning: In design 'NPU_DWidth32', input port 'addr_i[13]' drives wired logic; the port direction may have been specified incorrectly. (LINT-6)
Warning: In design 'NPU_DWidth32', input port 'addr_i[12]' drives wired logic; the port direction may have been specified incorrectly. (LINT-6)
Warning: In design 'NPU_DWidth32', input port 'addr_i[11]' drives wired logic; the port direction may have been specified incorrectly. (LINT-6)
Warning: In design 'NPU_DWidth32', input port 'addr_i[10]' drives wired logic; the port direction may have been specified incorrectly. (LINT-6)
Warning: In design 'NPU_DWidth32', input port 'addr_i[9]' drives wired logic; the port direction may have been specified incorrectly. (LINT-6)
Warning: In design 'NPU_DWidth32', input port 'addr_i[8]' drives wired logic; the port direction may have been specified incorrectly. (LINT-6)
Warning: In design 'NPU_DWidth32', input port 'addr_i[7]' drives wired logic; the port direction may have been specified incorrectly. (LINT-6)
Warning: In design 'NPU_DWidth32', input port 'addr_i[6]' drives wired logic; the port direction may have been specified incorrectly. (LINT-6)
Warning: In design 'NPU_DWidth32', input port 'addr_i[5]' drives wired logic; the port direction may have been specified incorrectly. (LINT-6)
Warning: In design 'NPU_DWidth32', input port 'addr_i[4]' drives wired logic; the port direction may have been specified incorrectly. (LINT-6)
Warning: In design 'NPU_DWidth32', input port 'addr_i[3]' drives wired logic; the port direction may have been specified incorrectly. (LINT-6)
Warning: In design 'NPU_DWidth32', input port 'addr_i[2]' drives wired logic; the port direction may have been specified incorrectly. (LINT-6)
Warning: In design 'NPU_DWidth32', input port 'addr_i[1]' drives wired logic; the port direction may have been specified incorrectly. (LINT-6)
Warning: In design 'NPU_DWidth32', input port 'addr_i[0]' drives wired logic; the port direction may have been specified incorrectly. (LINT-6)
Warning: In design 'NPU_DWidth32', input port 'wdata_i[31]' drives wired logic; the port direction may have been specified incorrectly. (LINT-6)
Warning: In design 'NPU_DWidth32', input port 'wdata_i[30]' drives wired logic; the port direction may have been specified incorrectly. (LINT-6)
Warning: In design 'NPU_DWidth32', input port 'wdata_i[29]' drives wired logic; the port direction may have been specified incorrectly. (LINT-6)
Warning: In design 'NPU_DWidth32', input port 'wdata_i[28]' drives wired logic; the port direction may have been specified incorrectly. (LINT-6)
Warning: In design 'NPU_DWidth32', input port 'wdata_i[27]' drives wired logic; the port direction may have been specified incorrectly. (LINT-6)
Warning: In design 'NPU_DWidth32', input port 'wdata_i[26]' drives wired logic; the port direction may have been specified incorrectly. (LINT-6)
Warning: In design 'NPU_DWidth32', input port 'wdata_i[25]' drives wired logic; the port direction may have been specified incorrectly. (LINT-6)
Warning: In design 'NPU_DWidth32', input port 'wdata_i[24]' drives wired logic; the port direction may have been specified incorrectly. (LINT-6)
Warning: In design 'NPU_DWidth32', input port 'wdata_i[23]' drives wired logic; the port direction may have been specified incorrectly. (LINT-6)
Warning: In design 'NPU_DWidth32', input port 'wdata_i[22]' drives wired logic; the port direction may have been specified incorrectly. (LINT-6)
Warning: In design 'NPU_DWidth32', input port 'wdata_i[21]' drives wired logic; the port direction may have been specified incorrectly. (LINT-6)
Warning: In design 'NPU_DWidth32', input port 'wdata_i[20]' drives wired logic; the port direction may have been specified incorrectly. (LINT-6)
Warning: In design 'NPU_DWidth32', input port 'wdata_i[19]' drives wired logic; the port direction may have been specified incorrectly. (LINT-6)
Warning: In design 'NPU_DWidth32', input port 'wdata_i[18]' drives wired logic; the port direction may have been specified incorrectly. (LINT-6)
Warning: In design 'NPU_DWidth32', input port 'wdata_i[17]' drives wired logic; the port direction may have been specified incorrectly. (LINT-6)
Warning: In design 'NPU_DWidth32', input port 'wdata_i[16]' drives wired logic; the port direction may have been specified incorrectly. (LINT-6)
Warning: In design 'NPU_DWidth32', input port 'wdata_i[15]' drives wired logic; the port direction may have been specified incorrectly. (LINT-6)
Warning: In design 'NPU_DWidth32', input port 'wdata_i[14]' drives wired logic; the port direction may have been specified incorrectly. (LINT-6)
Warning: In design 'NPU_DWidth32', input port 'wdata_i[13]' drives wired logic; the port direction may have been specified incorrectly. (LINT-6)
Warning: In design 'NPU_DWidth32', input port 'wdata_i[12]' drives wired logic; the port direction may have been specified incorrectly. (LINT-6)
Warning: In design 'NPU_DWidth32', input port 'wdata_i[11]' drives wired logic; the port direction may have been specified incorrectly. (LINT-6)
Warning: In design 'NPU_DWidth32', input port 'wdata_i[10]' drives wired logic; the port direction may have been specified incorrectly. (LINT-6)
Warning: In design 'NPU_DWidth32', input port 'wdata_i[9]' drives wired logic; the port direction may have been specified incorrectly. (LINT-6)
Warning: In design 'NPU_DWidth32', input port 'wdata_i[8]' drives wired logic; the port direction may have been specified incorrectly. (LINT-6)
Warning: In design 'NPU_DWidth32', input port 'wdata_i[7]' drives wired logic; the port direction may have been specified incorrectly. (LINT-6)
Warning: In design 'NPU_DWidth32', input port 'wdata_i[6]' drives wired logic; the port direction may have been specified incorrectly. (LINT-6)
Warning: In design 'NPU_DWidth32', input port 'wdata_i[5]' drives wired logic; the port direction may have been specified incorrectly. (LINT-6)
Warning: In design 'NPU_DWidth32', input port 'wdata_i[4]' drives wired logic; the port direction may have been specified incorrectly. (LINT-6)
Warning: In design 'NPU_DWidth32', input port 'wdata_i[3]' drives wired logic; the port direction may have been specified incorrectly. (LINT-6)
Warning: In design 'NPU_DWidth32', input port 'wdata_i[2]' drives wired logic; the port direction may have been specified incorrectly. (LINT-6)
Warning: In design 'NPU_DWidth32', input port 'wdata_i[1]' drives wired logic; the port direction may have been specified incorrectly. (LINT-6)
Warning: In design 'NPU_DWidth32', input port 'wdata_i[0]' drives wired logic; the port direction may have been specified incorrectly. (LINT-6)
Warning: In design 'CSR_DWidth32_AWidth12', port 'write_addr_i[11]' is not connected to any nets. (LINT-28)
Warning: In design 'CSR_DWidth32_AWidth12', port 'write_addr_i[10]' is not connected to any nets. (LINT-28)
Warning: In design 'CSR_DWidth32_AWidth12', port 'write_addr_i[9]' is not connected to any nets. (LINT-28)
Warning: In design 'CSR_DWidth32_AWidth12', port 'write_addr_i[8]' is not connected to any nets. (LINT-28)
Warning: In design 'CSR_DWidth32_AWidth12', port 'write_addr_i[7]' is not connected to any nets. (LINT-28)
Warning: In design 'CSR_DWidth32_AWidth12', port 'write_addr_i[6]' is not connected to any nets. (LINT-28)
Warning: In design 'CSR_DWidth32_AWidth12', port 'write_addr_i[5]' is not connected to any nets. (LINT-28)
Warning: In design 'CSR_DWidth32_AWidth12', port 'write_addr_i[4]' is not connected to any nets. (LINT-28)
Warning: In design 'CSR_DWidth32_AWidth12', port 'write_addr_i[3]' is not connected to any nets. (LINT-28)
Warning: In design 'CSR_DWidth32_AWidth12', port 'write_addr_i[2]' is not connected to any nets. (LINT-28)
Warning: In design 'CSR_DWidth32_AWidth12', port 'write_addr_i[1]' is not connected to any nets. (LINT-28)
Warning: In design 'CSR_DWidth32_AWidth12', port 'write_addr_i[0]' is not connected to any nets. (LINT-28)
Warning: In design 'CSR_DWidth32_AWidth12', port 'write_data_i[31]' is not connected to any nets. (LINT-28)
Warning: In design 'CSR_DWidth32_AWidth12', port 'write_data_i[30]' is not connected to any nets. (LINT-28)
Warning: In design 'CSR_DWidth32_AWidth12', port 'write_data_i[29]' is not connected to any nets. (LINT-28)
Warning: In design 'CSR_DWidth32_AWidth12', port 'write_data_i[28]' is not connected to any nets. (LINT-28)
Warning: In design 'CSR_DWidth32_AWidth12', port 'write_data_i[27]' is not connected to any nets. (LINT-28)
Warning: In design 'CSR_DWidth32_AWidth12', port 'write_data_i[26]' is not connected to any nets. (LINT-28)
Warning: In design 'CSR_DWidth32_AWidth12', port 'write_data_i[25]' is not connected to any nets. (LINT-28)
Warning: In design 'CSR_DWidth32_AWidth12', port 'write_data_i[24]' is not connected to any nets. (LINT-28)
Warning: In design 'CSR_DWidth32_AWidth12', port 'write_data_i[23]' is not connected to any nets. (LINT-28)
Warning: In design 'CSR_DWidth32_AWidth12', port 'write_data_i[22]' is not connected to any nets. (LINT-28)
Warning: In design 'CSR_DWidth32_AWidth12', port 'write_data_i[21]' is not connected to any nets. (LINT-28)
Warning: In design 'CSR_DWidth32_AWidth12', port 'write_data_i[20]' is not connected to any nets. (LINT-28)
Warning: In design 'CSR_DWidth32_AWidth12', port 'write_data_i[19]' is not connected to any nets. (LINT-28)
Warning: In design 'CSR_DWidth32_AWidth12', port 'write_data_i[18]' is not connected to any nets. (LINT-28)
Warning: In design 'CSR_DWidth32_AWidth12', port 'write_data_i[17]' is not connected to any nets. (LINT-28)
Warning: In design 'CSR_DWidth32_AWidth12', port 'write_data_i[16]' is not connected to any nets. (LINT-28)
Warning: In design 'CSR_DWidth32_AWidth12', port 'write_data_i[15]' is not connected to any nets. (LINT-28)
Warning: In design 'CSR_DWidth32_AWidth12', port 'write_data_i[14]' is not connected to any nets. (LINT-28)
Warning: In design 'CSR_DWidth32_AWidth12', port 'write_data_i[13]' is not connected to any nets. (LINT-28)
Warning: In design 'CSR_DWidth32_AWidth12', port 'write_data_i[12]' is not connected to any nets. (LINT-28)
Warning: In design 'CSR_DWidth32_AWidth12', port 'write_data_i[11]' is not connected to any nets. (LINT-28)
Warning: In design 'CSR_DWidth32_AWidth12', port 'write_data_i[10]' is not connected to any nets. (LINT-28)
Warning: In design 'CSR_DWidth32_AWidth12', port 'write_data_i[9]' is not connected to any nets. (LINT-28)
Warning: In design 'CSR_DWidth32_AWidth12', port 'write_data_i[8]' is not connected to any nets. (LINT-28)
Warning: In design 'CSR_DWidth32_AWidth12', port 'write_data_i[7]' is not connected to any nets. (LINT-28)
Warning: In design 'CSR_DWidth32_AWidth12', port 'write_data_i[6]' is not connected to any nets. (LINT-28)
Warning: In design 'CSR_DWidth32_AWidth12', port 'write_data_i[5]' is not connected to any nets. (LINT-28)
Warning: In design 'CSR_DWidth32_AWidth12', port 'write_data_i[4]' is not connected to any nets. (LINT-28)
Warning: In design 'CSR_DWidth32_AWidth12', port 'write_data_i[3]' is not connected to any nets. (LINT-28)
Warning: In design 'CSR_DWidth32_AWidth12', port 'write_data_i[2]' is not connected to any nets. (LINT-28)
Warning: In design 'CSR_DWidth32_AWidth12', port 'write_data_i[1]' is not connected to any nets. (LINT-28)
Warning: In design 'CSR_DWidth32_AWidth12', port 'write_data_i[0]' is not connected to any nets. (LINT-28)
Warning: In design 'CSR_DWidth32_AWidth12', port 'write_en_i' is not connected to any nets. (LINT-28)
Warning: In design 'INSTR_CACHE_DWidth32', input port 'addr_i[31]' is connected directly to output port 'imem_addr_o[31]'. (LINT-29)
Warning: In design 'INSTR_CACHE_DWidth32', input port 'addr_i[30]' is connected directly to output port 'imem_addr_o[30]'. (LINT-29)
Warning: In design 'INSTR_CACHE_DWidth32', input port 'addr_i[29]' is connected directly to output port 'imem_addr_o[29]'. (LINT-29)
Warning: In design 'INSTR_CACHE_DWidth32', input port 'addr_i[28]' is connected directly to output port 'imem_addr_o[28]'. (LINT-29)
Warning: In design 'INSTR_CACHE_DWidth32', input port 'addr_i[27]' is connected directly to output port 'imem_addr_o[27]'. (LINT-29)
Warning: In design 'INSTR_CACHE_DWidth32', input port 'addr_i[26]' is connected directly to output port 'imem_addr_o[26]'. (LINT-29)
Warning: In design 'INSTR_CACHE_DWidth32', input port 'addr_i[25]' is connected directly to output port 'imem_addr_o[25]'. (LINT-29)
Warning: In design 'INSTR_CACHE_DWidth32', input port 'addr_i[24]' is connected directly to output port 'imem_addr_o[24]'. (LINT-29)
Warning: In design 'INSTR_CACHE_DWidth32', input port 'addr_i[23]' is connected directly to output port 'imem_addr_o[23]'. (LINT-29)
Warning: In design 'INSTR_CACHE_DWidth32', input port 'addr_i[22]' is connected directly to output port 'imem_addr_o[22]'. (LINT-29)
Warning: In design 'INSTR_CACHE_DWidth32', input port 'addr_i[21]' is connected directly to output port 'imem_addr_o[21]'. (LINT-29)
Warning: In design 'INSTR_CACHE_DWidth32', input port 'addr_i[20]' is connected directly to output port 'imem_addr_o[20]'. (LINT-29)
Warning: In design 'INSTR_CACHE_DWidth32', input port 'addr_i[19]' is connected directly to output port 'imem_addr_o[19]'. (LINT-29)
Warning: In design 'INSTR_CACHE_DWidth32', input port 'addr_i[18]' is connected directly to output port 'imem_addr_o[18]'. (LINT-29)
Warning: In design 'INSTR_CACHE_DWidth32', input port 'addr_i[17]' is connected directly to output port 'imem_addr_o[17]'. (LINT-29)
Warning: In design 'INSTR_CACHE_DWidth32', input port 'addr_i[16]' is connected directly to output port 'imem_addr_o[16]'. (LINT-29)
Warning: In design 'INSTR_CACHE_DWidth32', input port 'addr_i[15]' is connected directly to output port 'imem_addr_o[15]'. (LINT-29)
Warning: In design 'INSTR_CACHE_DWidth32', input port 'addr_i[14]' is connected directly to output port 'imem_addr_o[14]'. (LINT-29)
Warning: In design 'INSTR_CACHE_DWidth32', input port 'addr_i[13]' is connected directly to output port 'imem_addr_o[13]'. (LINT-29)
Warning: In design 'INSTR_CACHE_DWidth32', input port 'addr_i[12]' is connected directly to output port 'imem_addr_o[12]'. (LINT-29)
Warning: In design 'INSTR_CACHE_DWidth32', input port 'addr_i[11]' is connected directly to output port 'imem_addr_o[11]'. (LINT-29)
Warning: In design 'INSTR_CACHE_DWidth32', input port 'addr_i[10]' is connected directly to output port 'imem_addr_o[10]'. (LINT-29)
Warning: In design 'INSTR_CACHE_DWidth32', input port 'addr_i[9]' is connected directly to output port 'imem_addr_o[9]'. (LINT-29)
Warning: In design 'INSTR_CACHE_DWidth32', input port 'addr_i[8]' is connected directly to output port 'imem_addr_o[8]'. (LINT-29)
Warning: In design 'INSTR_CACHE_DWidth32', input port 'addr_i[7]' is connected directly to output port 'imem_addr_o[7]'. (LINT-29)
Warning: In design 'INSTR_CACHE_DWidth32', input port 'addr_i[6]' is connected directly to output port 'imem_addr_o[6]'. (LINT-29)
Warning: In design 'INSTR_CACHE_DWidth32', input port 'addr_i[5]' is connected directly to output port 'imem_addr_o[5]'. (LINT-29)
Warning: In design 'INSTR_CACHE_DWidth32', input port 'addr_i[4]' is connected directly to output port 'imem_addr_o[4]'. (LINT-29)
Warning: In design 'INSTR_CACHE_DWidth32', input port 'addr_i[3]' is connected directly to output port 'imem_addr_o[3]'. (LINT-29)
Warning: In design 'INSTR_CACHE_DWidth32', input port 'addr_i[2]' is connected directly to output port 'imem_addr_o[2]'. (LINT-29)
Warning: In design 'INSTR_CACHE_DWidth32', input port 'addr_i[1]' is connected directly to output port 'imem_addr_o[1]'. (LINT-29)
Warning: In design 'INSTR_CACHE_DWidth32', input port 'addr_i[0]' is connected directly to output port 'imem_addr_o[0]'. (LINT-29)
Warning: In design 'DECODER_DWidth32_OpWidth5_NumofReg32_CWidth12', output port 'csr_read_addr_o[11]' is connected directly to output port 'csr_write_addr_o[11]'. (LINT-31)
Warning: In design 'DECODER_DWidth32_OpWidth5_NumofReg32_CWidth12', output port 'csr_read_addr_o[10]' is connected directly to output port 'csr_write_addr_o[10]'. (LINT-31)
Warning: In design 'DECODER_DWidth32_OpWidth5_NumofReg32_CWidth12', output port 'csr_read_addr_o[9]' is connected directly to output port 'csr_write_addr_o[9]'. (LINT-31)
Warning: In design 'DECODER_DWidth32_OpWidth5_NumofReg32_CWidth12', output port 'csr_read_addr_o[8]' is connected directly to output port 'csr_write_addr_o[8]'. (LINT-31)
Warning: In design 'DECODER_DWidth32_OpWidth5_NumofReg32_CWidth12', output port 'csr_read_addr_o[7]' is connected directly to output port 'csr_write_addr_o[7]'. (LINT-31)
Warning: In design 'DECODER_DWidth32_OpWidth5_NumofReg32_CWidth12', output port 'csr_read_addr_o[6]' is connected directly to output port 'csr_write_addr_o[6]'. (LINT-31)
Warning: In design 'DECODER_DWidth32_OpWidth5_NumofReg32_CWidth12', output port 'csr_read_addr_o[5]' is connected directly to output port 'csr_write_addr_o[5]'. (LINT-31)
Warning: In design 'DECODER_DWidth32_OpWidth5_NumofReg32_CWidth12', output port 'csr_read_addr_o[4]' is connected directly to output port 'csr_write_addr_o[4]'. (LINT-31)
Warning: In design 'DECODER_DWidth32_OpWidth5_NumofReg32_CWidth12', output port 'csr_read_addr_o[3]' is connected directly to output port 'csr_write_addr_o[3]'. (LINT-31)
Warning: In design 'DECODER_DWidth32_OpWidth5_NumofReg32_CWidth12', output port 'csr_read_addr_o[2]' is connected directly to output port 'csr_write_addr_o[2]'. (LINT-31)
Warning: In design 'DECODER_DWidth32_OpWidth5_NumofReg32_CWidth12', output port 'csr_read_addr_o[1]' is connected directly to output port 'csr_write_addr_o[1]'. (LINT-31)
Warning: In design 'DECODER_DWidth32_OpWidth5_NumofReg32_CWidth12', output port 'csr_read_addr_o[0]' is connected directly to output port 'csr_write_addr_o[0]'. (LINT-31)
Warning: In design 'INSTR_CACHE_DWidth32', a pin on submodule 'FF_CACHE_STATE' is connected to logic 1 or logic 0. (LINT-32)
   Pin 'write_en_i' is connected to logic 1. 
Warning: In design 'SCALAR_CORE_DWidth32', a pin on submodule 'COUNTER_CYCLE' is connected to logic 1 or logic 0. (LINT-32)
   Pin 'cnt_en_i' is connected to logic 1. 
Warning: In design 'SCALAR_CORE_DWidth32', a pin on submodule 'MUX_PC' is connected to logic 1 or logic 0. (LINT-32)
   Pin 'data0_i[1]' is connected to logic 0. 
Warning: In design 'SCALAR_CORE_DWidth32', a pin on submodule 'MUX_PC' is connected to logic 1 or logic 0. (LINT-32)
   Pin 'data0_i[0]' is connected to logic 0. 
Warning: In design 'SCALAR_CORE_DWidth32', a pin on submodule 'MUX_LD' is connected to logic 1 or logic 0. (LINT-32)
   Pin 'data3_i[31]' is connected to logic 0. 
Warning: In design 'SCALAR_CORE_DWidth32', a pin on submodule 'MUX_LD' is connected to logic 1 or logic 0. (LINT-32)
   Pin 'data3_i[30]' is connected to logic 0. 
Warning: In design 'SCALAR_CORE_DWidth32', a pin on submodule 'MUX_LD' is connected to logic 1 or logic 0. (LINT-32)
   Pin 'data3_i[29]' is connected to logic 0. 
Warning: In design 'SCALAR_CORE_DWidth32', a pin on submodule 'MUX_LD' is connected to logic 1 or logic 0. (LINT-32)
   Pin 'data3_i[28]' is connected to logic 0. 
Warning: In design 'SCALAR_CORE_DWidth32', a pin on submodule 'MUX_LD' is connected to logic 1 or logic 0. (LINT-32)
   Pin 'data3_i[27]' is connected to logic 0. 
Warning: In design 'SCALAR_CORE_DWidth32', a pin on submodule 'MUX_LD' is connected to logic 1 or logic 0. (LINT-32)
   Pin 'data3_i[26]' is connected to logic 0. 
Warning: In design 'SCALAR_CORE_DWidth32', a pin on submodule 'MUX_LD' is connected to logic 1 or logic 0. (LINT-32)
   Pin 'data3_i[25]' is connected to logic 0. 
Warning: In design 'SCALAR_CORE_DWidth32', a pin on submodule 'MUX_LD' is connected to logic 1 or logic 0. (LINT-32)
   Pin 'data3_i[24]' is connected to logic 0. 
Warning: In design 'SCALAR_CORE_DWidth32', a pin on submodule 'MUX_LD' is connected to logic 1 or logic 0. (LINT-32)
   Pin 'data3_i[23]' is connected to logic 0. 
Warning: In design 'SCALAR_CORE_DWidth32', a pin on submodule 'MUX_LD' is connected to logic 1 or logic 0. (LINT-32)
   Pin 'data3_i[22]' is connected to logic 0. 
Warning: In design 'SCALAR_CORE_DWidth32', a pin on submodule 'MUX_LD' is connected to logic 1 or logic 0. (LINT-32)
   Pin 'data3_i[21]' is connected to logic 0. 
Warning: In design 'SCALAR_CORE_DWidth32', a pin on submodule 'MUX_LD' is connected to logic 1 or logic 0. (LINT-32)
   Pin 'data3_i[20]' is connected to logic 0. 
Warning: In design 'SCALAR_CORE_DWidth32', a pin on submodule 'MUX_LD' is connected to logic 1 or logic 0. (LINT-32)
   Pin 'data3_i[19]' is connected to logic 0. 
Warning: In design 'SCALAR_CORE_DWidth32', a pin on submodule 'MUX_LD' is connected to logic 1 or logic 0. (LINT-32)
   Pin 'data3_i[18]' is connected to logic 0. 
Warning: In design 'SCALAR_CORE_DWidth32', a pin on submodule 'MUX_LD' is connected to logic 1 or logic 0. (LINT-32)
   Pin 'data3_i[17]' is connected to logic 0. 
Warning: In design 'SCALAR_CORE_DWidth32', a pin on submodule 'MUX_LD' is connected to logic 1 or logic 0. (LINT-32)
   Pin 'data3_i[16]' is connected to logic 0. 
Warning: In design 'SCALAR_CORE_DWidth32', a pin on submodule 'MUX_LD' is connected to logic 1 or logic 0. (LINT-32)
   Pin 'data3_i[15]' is connected to logic 0. 
Warning: In design 'SCALAR_CORE_DWidth32', a pin on submodule 'MUX_LD' is connected to logic 1 or logic 0. (LINT-32)
   Pin 'data3_i[14]' is connected to logic 0. 
Warning: In design 'SCALAR_CORE_DWidth32', a pin on submodule 'MUX_LD' is connected to logic 1 or logic 0. (LINT-32)
   Pin 'data3_i[13]' is connected to logic 0. 
Warning: In design 'SCALAR_CORE_DWidth32', a pin on submodule 'MUX_LD' is connected to logic 1 or logic 0. (LINT-32)
   Pin 'data3_i[12]' is connected to logic 0. 
Warning: In design 'SCALAR_CORE_DWidth32', a pin on submodule 'MUX_LD' is connected to logic 1 or logic 0. (LINT-32)
   Pin 'data3_i[11]' is connected to logic 0. 
Warning: In design 'SCALAR_CORE_DWidth32', a pin on submodule 'MUX_LD' is connected to logic 1 or logic 0. (LINT-32)
   Pin 'data3_i[10]' is connected to logic 0. 
Warning: In design 'SCALAR_CORE_DWidth32', a pin on submodule 'MUX_LD' is connected to logic 1 or logic 0. (LINT-32)
   Pin 'data3_i[9]' is connected to logic 0. 
Warning: In design 'SCALAR_CORE_DWidth32', a pin on submodule 'MUX_LD' is connected to logic 1 or logic 0. (LINT-32)
   Pin 'data3_i[8]' is connected to logic 0. 
Warning: In design 'SCALAR_CORE_DWidth32', a pin on submodule 'MUX_LD' is connected to logic 1 or logic 0. (LINT-32)
   Pin 'data4_i[31]' is connected to logic 0. 
Warning: In design 'SCALAR_CORE_DWidth32', a pin on submodule 'MUX_LD' is connected to logic 1 or logic 0. (LINT-32)
   Pin 'data4_i[30]' is connected to logic 0. 
Warning: In design 'SCALAR_CORE_DWidth32', a pin on submodule 'MUX_LD' is connected to logic 1 or logic 0. (LINT-32)
   Pin 'data4_i[29]' is connected to logic 0. 
Warning: In design 'SCALAR_CORE_DWidth32', a pin on submodule 'MUX_LD' is connected to logic 1 or logic 0. (LINT-32)
   Pin 'data4_i[28]' is connected to logic 0. 
Warning: In design 'SCALAR_CORE_DWidth32', a pin on submodule 'MUX_LD' is connected to logic 1 or logic 0. (LINT-32)
   Pin 'data4_i[27]' is connected to logic 0. 
Warning: In design 'SCALAR_CORE_DWidth32', a pin on submodule 'MUX_LD' is connected to logic 1 or logic 0. (LINT-32)
   Pin 'data4_i[26]' is connected to logic 0. 
Warning: In design 'SCALAR_CORE_DWidth32', a pin on submodule 'MUX_LD' is connected to logic 1 or logic 0. (LINT-32)
   Pin 'data4_i[25]' is connected to logic 0. 
Warning: In design 'SCALAR_CORE_DWidth32', a pin on submodule 'MUX_LD' is connected to logic 1 or logic 0. (LINT-32)
   Pin 'data4_i[24]' is connected to logic 0. 
Warning: In design 'SCALAR_CORE_DWidth32', a pin on submodule 'MUX_LD' is connected to logic 1 or logic 0. (LINT-32)
   Pin 'data4_i[23]' is connected to logic 0. 
Warning: In design 'SCALAR_CORE_DWidth32', a pin on submodule 'MUX_LD' is connected to logic 1 or logic 0. (LINT-32)
   Pin 'data4_i[22]' is connected to logic 0. 
Warning: In design 'SCALAR_CORE_DWidth32', a pin on submodule 'MUX_LD' is connected to logic 1 or logic 0. (LINT-32)
   Pin 'data4_i[21]' is connected to logic 0. 
Warning: In design 'SCALAR_CORE_DWidth32', a pin on submodule 'MUX_LD' is connected to logic 1 or logic 0. (LINT-32)
   Pin 'data4_i[20]' is connected to logic 0. 
Warning: In design 'SCALAR_CORE_DWidth32', a pin on submodule 'MUX_LD' is connected to logic 1 or logic 0. (LINT-32)
   Pin 'data4_i[19]' is connected to logic 0. 
Warning: In design 'SCALAR_CORE_DWidth32', a pin on submodule 'MUX_LD' is connected to logic 1 or logic 0. (LINT-32)
   Pin 'data4_i[18]' is connected to logic 0. 
Warning: In design 'SCALAR_CORE_DWidth32', a pin on submodule 'MUX_LD' is connected to logic 1 or logic 0. (LINT-32)
   Pin 'data4_i[17]' is connected to logic 0. 
Warning: In design 'SCALAR_CORE_DWidth32', a pin on submodule 'MUX_LD' is connected to logic 1 or logic 0. (LINT-32)
   Pin 'data4_i[16]' is connected to logic 0. 
Warning: In design 'SCALAR_CORE_DWidth32', a pin on submodule 'MUX_WB' is connected to logic 1 or logic 0. (LINT-32)
   Pin 'data2_i[1]' is connected to logic 0. 
Warning: In design 'SCALAR_CORE_DWidth32', a pin on submodule 'MUX_WB' is connected to logic 1 or logic 0. (LINT-32)
   Pin 'data2_i[0]' is connected to logic 0. 
Warning: In design 'DECODER_DWidth32_OpWidth5_NumofReg32_CWidth12', a pin on submodule 'FF_DEC_STATE' is connected to logic 1 or logic 0. (LINT-32)
   Pin 'write_en_i' is connected to logic 1. 
Warning: In design 'CSR_DWidth32_AWidth12', a pin on submodule 'FF_RDATA' is connected to logic 1 or logic 0. (LINT-32)
   Pin 'write_en_i' is connected to logic 1. 
Warning: In design 'CSR_DWidth32_AWidth12', a pin on submodule 'FF_MCYCLE' is connected to logic 1 or logic 0. (LINT-32)
   Pin 'write_en_i' is connected to logic 1. 
Warning: In design 'CSR_DWidth32_AWidth12', a pin on submodule 'FF_MINSTRET' is connected to logic 1 or logic 0. (LINT-32)
   Pin 'write_en_i' is connected to logic 1. 
Warning: In design 'SCALAR_CORE_DWidth32', the same net is connected to more than one pin on submodule 'MUX_PC'. (LINT-33)
   Net 'n_logic0_' is connected to pins 'data0_i[1]', 'data0_i[0]''.
Warning: In design 'SCALAR_CORE_DWidth32', the same net is connected to more than one pin on submodule 'MUX_LD'. (LINT-33)
   Net 'rf_read2_data[7]' is connected to pins 'data0_i[31]', 'data0_i[30]'', 'data0_i[29]', 'data0_i[28]', 'data0_i[27]', 'data0_i[26]', 'data0_i[25]', 'data0_i[24]', 'data0_i[23]', 'data0_i[22]', 'data0_i[21]', 'data0_i[20]', 'data0_i[19]', 'data0_i[18]', 'data0_i[17]', 'data0_i[16]', 'data0_i[15]', 'data0_i[14]', 'data0_i[13]', 'data0_i[12]', 'data0_i[11]', 'data0_i[10]', 'data0_i[9]', 'data0_i[8]', 'data0_i[7]', 'data1_i[7]', 'data2_i[7]', 'data3_i[7]', 'data4_i[7]'.
Warning: In design 'SCALAR_CORE_DWidth32', the same net is connected to more than one pin on submodule 'MUX_LD'. (LINT-33)
   Net 'rf_read2_data[6]' is connected to pins 'data0_i[6]', 'data1_i[6]'', 'data2_i[6]', 'data3_i[6]', 'data4_i[6]'.
Warning: In design 'SCALAR_CORE_DWidth32', the same net is connected to more than one pin on submodule 'MUX_LD'. (LINT-33)
   Net 'rf_read2_data[5]' is connected to pins 'data0_i[5]', 'data1_i[5]'', 'data2_i[5]', 'data3_i[5]', 'data4_i[5]'.
Warning: In design 'SCALAR_CORE_DWidth32', the same net is connected to more than one pin on submodule 'MUX_LD'. (LINT-33)
   Net 'rf_read2_data[4]' is connected to pins 'data0_i[4]', 'data1_i[4]'', 'data2_i[4]', 'data3_i[4]', 'data4_i[4]'.
Warning: In design 'SCALAR_CORE_DWidth32', the same net is connected to more than one pin on submodule 'MUX_LD'. (LINT-33)
   Net 'rf_read2_data[3]' is connected to pins 'data0_i[3]', 'data1_i[3]'', 'data2_i[3]', 'data3_i[3]', 'data4_i[3]'.
Warning: In design 'SCALAR_CORE_DWidth32', the same net is connected to more than one pin on submodule 'MUX_LD'. (LINT-33)
   Net 'rf_read2_data[2]' is connected to pins 'data0_i[2]', 'data1_i[2]'', 'data2_i[2]', 'data3_i[2]', 'data4_i[2]'.
Warning: In design 'SCALAR_CORE_DWidth32', the same net is connected to more than one pin on submodule 'MUX_LD'. (LINT-33)
   Net 'rf_read2_data[1]' is connected to pins 'data0_i[1]', 'data1_i[1]'', 'data2_i[1]', 'data3_i[1]', 'data4_i[1]'.
Warning: In design 'SCALAR_CORE_DWidth32', the same net is connected to more than one pin on submodule 'MUX_LD'. (LINT-33)
   Net 'rf_read2_data[0]' is connected to pins 'data0_i[0]', 'data1_i[0]'', 'data2_i[0]', 'data3_i[0]', 'data4_i[0]'.
Warning: In design 'SCALAR_CORE_DWidth32', the same net is connected to more than one pin on submodule 'MUX_LD'. (LINT-33)
   Net 'rf_read2_data[15]' is connected to pins 'data1_i[31]', 'data1_i[30]'', 'data1_i[29]', 'data1_i[28]', 'data1_i[27]', 'data1_i[26]', 'data1_i[25]', 'data1_i[24]', 'data1_i[23]', 'data1_i[22]', 'data1_i[21]', 'data1_i[20]', 'data1_i[19]', 'data1_i[18]', 'data1_i[17]', 'data1_i[16]', 'data1_i[15]', 'data2_i[15]', 'data4_i[15]'.
Warning: In design 'SCALAR_CORE_DWidth32', the same net is connected to more than one pin on submodule 'MUX_LD'. (LINT-33)
   Net 'rf_read2_data[14]' is connected to pins 'data1_i[14]', 'data2_i[14]'', 'data4_i[14]'.
Warning: In design 'SCALAR_CORE_DWidth32', the same net is connected to more than one pin on submodule 'MUX_LD'. (LINT-33)
   Net 'rf_read2_data[13]' is connected to pins 'data1_i[13]', 'data2_i[13]'', 'data4_i[13]'.
Warning: In design 'SCALAR_CORE_DWidth32', the same net is connected to more than one pin on submodule 'MUX_LD'. (LINT-33)
   Net 'rf_read2_data[12]' is connected to pins 'data1_i[12]', 'data2_i[12]'', 'data4_i[12]'.
Warning: In design 'SCALAR_CORE_DWidth32', the same net is connected to more than one pin on submodule 'MUX_LD'. (LINT-33)
   Net 'rf_read2_data[11]' is connected to pins 'data1_i[11]', 'data2_i[11]'', 'data4_i[11]'.
Warning: In design 'SCALAR_CORE_DWidth32', the same net is connected to more than one pin on submodule 'MUX_LD'. (LINT-33)
   Net 'rf_read2_data[10]' is connected to pins 'data1_i[10]', 'data2_i[10]'', 'data4_i[10]'.
Warning: In design 'SCALAR_CORE_DWidth32', the same net is connected to more than one pin on submodule 'MUX_LD'. (LINT-33)
   Net 'rf_read2_data[9]' is connected to pins 'data1_i[9]', 'data2_i[9]'', 'data4_i[9]'.
Warning: In design 'SCALAR_CORE_DWidth32', the same net is connected to more than one pin on submodule 'MUX_LD'. (LINT-33)
   Net 'rf_read2_data[8]' is connected to pins 'data1_i[8]', 'data2_i[8]'', 'data4_i[8]'.
Warning: In design 'SCALAR_CORE_DWidth32', the same net is connected to more than one pin on submodule 'MUX_LD'. (LINT-33)
   Net 'n_logic0_' is connected to pins 'data3_i[31]', 'data3_i[30]'', 'data3_i[29]', 'data3_i[28]', 'data3_i[27]', 'data3_i[26]', 'data3_i[25]', 'data3_i[24]', 'data3_i[23]', 'data3_i[22]', 'data3_i[21]', 'data3_i[20]', 'data3_i[19]', 'data3_i[18]', 'data3_i[17]', 'data3_i[16]', 'data3_i[15]', 'data3_i[14]', 'data3_i[13]', 'data3_i[12]', 'data3_i[11]', 'data3_i[10]', 'data3_i[9]', 'data3_i[8]', 'data4_i[31]', 'data4_i[30]', 'data4_i[29]', 'data4_i[28]', 'data4_i[27]', 'data4_i[26]', 'data4_i[25]', 'data4_i[24]', 'data4_i[23]', 'data4_i[22]', 'data4_i[21]', 'data4_i[20]', 'data4_i[19]', 'data4_i[18]', 'data4_i[17]', 'data4_i[16]'.
Warning: In design 'SCALAR_CORE_DWidth32', the same net is connected to more than one pin on submodule 'MUX_ST'. (LINT-33)
   Net 'dmem_rdata_i[7]' is connected to pins 'data0_i[31]', 'data0_i[30]'', 'data0_i[29]', 'data0_i[28]', 'data0_i[27]', 'data0_i[26]', 'data0_i[25]', 'data0_i[24]', 'data0_i[23]', 'data0_i[22]', 'data0_i[21]', 'data0_i[20]', 'data0_i[19]', 'data0_i[18]', 'data0_i[17]', 'data0_i[16]', 'data0_i[15]', 'data0_i[14]', 'data0_i[13]', 'data0_i[12]', 'data0_i[11]', 'data0_i[10]', 'data0_i[9]', 'data0_i[8]', 'data0_i[7]', 'data1_i[7]', 'data2_i[7]'.
Warning: In design 'SCALAR_CORE_DWidth32', the same net is connected to more than one pin on submodule 'MUX_ST'. (LINT-33)
   Net 'dmem_rdata_i[6]' is connected to pins 'data0_i[6]', 'data1_i[6]'', 'data2_i[6]'.
Warning: In design 'SCALAR_CORE_DWidth32', the same net is connected to more than one pin on submodule 'MUX_ST'. (LINT-33)
   Net 'dmem_rdata_i[5]' is connected to pins 'data0_i[5]', 'data1_i[5]'', 'data2_i[5]'.
Warning: In design 'SCALAR_CORE_DWidth32', the same net is connected to more than one pin on submodule 'MUX_ST'. (LINT-33)
   Net 'dmem_rdata_i[4]' is connected to pins 'data0_i[4]', 'data1_i[4]'', 'data2_i[4]'.
Warning: In design 'SCALAR_CORE_DWidth32', the same net is connected to more than one pin on submodule 'MUX_ST'. (LINT-33)
   Net 'dmem_rdata_i[3]' is connected to pins 'data0_i[3]', 'data1_i[3]'', 'data2_i[3]'.
Warning: In design 'SCALAR_CORE_DWidth32', the same net is connected to more than one pin on submodule 'MUX_ST'. (LINT-33)
   Net 'dmem_rdata_i[2]' is connected to pins 'data0_i[2]', 'data1_i[2]'', 'data2_i[2]'.
Warning: In design 'SCALAR_CORE_DWidth32', the same net is connected to more than one pin on submodule 'MUX_ST'. (LINT-33)
   Net 'dmem_rdata_i[1]' is connected to pins 'data0_i[1]', 'data1_i[1]'', 'data2_i[1]'.
Warning: In design 'SCALAR_CORE_DWidth32', the same net is connected to more than one pin on submodule 'MUX_ST'. (LINT-33)
   Net 'dmem_rdata_i[0]' is connected to pins 'data0_i[0]', 'data1_i[0]'', 'data2_i[0]'.
Warning: In design 'SCALAR_CORE_DWidth32', the same net is connected to more than one pin on submodule 'MUX_ST'. (LINT-33)
   Net 'dmem_rdata_i[15]' is connected to pins 'data1_i[31]', 'data1_i[30]'', 'data1_i[29]', 'data1_i[28]', 'data1_i[27]', 'data1_i[26]', 'data1_i[25]', 'data1_i[24]', 'data1_i[23]', 'data1_i[22]', 'data1_i[21]', 'data1_i[20]', 'data1_i[19]', 'data1_i[18]', 'data1_i[17]', 'data1_i[16]', 'data1_i[15]', 'data2_i[15]'.
Warning: In design 'SCALAR_CORE_DWidth32', the same net is connected to more than one pin on submodule 'MUX_ST'. (LINT-33)
   Net 'dmem_rdata_i[14]' is connected to pins 'data1_i[14]', 'data2_i[14]''.
Warning: In design 'SCALAR_CORE_DWidth32', the same net is connected to more than one pin on submodule 'MUX_ST'. (LINT-33)
   Net 'dmem_rdata_i[13]' is connected to pins 'data1_i[13]', 'data2_i[13]''.
Warning: In design 'SCALAR_CORE_DWidth32', the same net is connected to more than one pin on submodule 'MUX_ST'. (LINT-33)
   Net 'dmem_rdata_i[12]' is connected to pins 'data1_i[12]', 'data2_i[12]''.
Warning: In design 'SCALAR_CORE_DWidth32', the same net is connected to more than one pin on submodule 'MUX_ST'. (LINT-33)
   Net 'dmem_rdata_i[11]' is connected to pins 'data1_i[11]', 'data2_i[11]''.
Warning: In design 'SCALAR_CORE_DWidth32', the same net is connected to more than one pin on submodule 'MUX_ST'. (LINT-33)
   Net 'dmem_rdata_i[10]' is connected to pins 'data1_i[10]', 'data2_i[10]''.
Warning: In design 'SCALAR_CORE_DWidth32', the same net is connected to more than one pin on submodule 'MUX_ST'. (LINT-33)
   Net 'dmem_rdata_i[9]' is connected to pins 'data1_i[9]', 'data2_i[9]''.
Warning: In design 'SCALAR_CORE_DWidth32', the same net is connected to more than one pin on submodule 'MUX_ST'. (LINT-33)
   Net 'dmem_rdata_i[8]' is connected to pins 'data1_i[8]', 'data2_i[8]''.
Warning: In design 'SCALAR_CORE_DWidth32', the same net is connected to more than one pin on submodule 'MUX_WB'. (LINT-33)
   Net 'n_logic0_' is connected to pins 'data2_i[1]', 'data2_i[0]''.
Warning: In design 'SOC_TOP', three-state bus 'm2s_write' has non three-state driver 'CPU/SCORE/DECODER/C686/Z_0'. (LINT-34)
Warning: In design 'SOC_TOP', three-state bus 'm2s_trans' has non three-state driver 'CPU/SCORE/DECODER/C679/Z_0'. (LINT-34)
Warning: In design 'SOC_TOP', three-state bus 'dmem_addr_o[0]' has non three-state driver 'CPU/SCORE/ALU/C272/Z_0'. (LINT-34)
Warning: In design 'SOC_TOP', three-state bus 'dmem_addr_o[1]' has non three-state driver 'CPU/SCORE/ALU/C272/Z_1'. (LINT-34)
Warning: In design 'SOC_TOP', three-state bus 'dmem_addr_o[2]' has non three-state driver 'CPU/SCORE/ALU/C272/Z_2'. (LINT-34)
Warning: In design 'SOC_TOP', three-state bus 'dmem_addr_o[3]' has non three-state driver 'CPU/SCORE/ALU/C272/Z_3'. (LINT-34)
Warning: In design 'SOC_TOP', three-state bus 'dmem_addr_o[4]' has non three-state driver 'CPU/SCORE/ALU/C272/Z_4'. (LINT-34)
Warning: In design 'SOC_TOP', three-state bus 'dmem_addr_o[5]' has non three-state driver 'CPU/SCORE/ALU/C272/Z_5'. (LINT-34)
Warning: In design 'SOC_TOP', three-state bus 'dmem_addr_o[6]' has non three-state driver 'CPU/SCORE/ALU/C272/Z_6'. (LINT-34)
Warning: In design 'SOC_TOP', three-state bus 'dmem_addr_o[7]' has non three-state driver 'CPU/SCORE/ALU/C272/Z_7'. (LINT-34)
Warning: In design 'SOC_TOP', three-state bus 'dmem_addr_o[8]' has non three-state driver 'CPU/SCORE/ALU/C272/Z_8'. (LINT-34)
Warning: In design 'SOC_TOP', three-state bus 'dmem_addr_o[9]' has non three-state driver 'CPU/SCORE/ALU/C272/Z_9'. (LINT-34)
Warning: In design 'SOC_TOP', three-state bus 'dmem_addr_o[10]' has non three-state driver 'CPU/SCORE/ALU/C272/Z_10'. (LINT-34)
Warning: In design 'SOC_TOP', three-state bus 'dmem_addr_o[11]' has non three-state driver 'CPU/SCORE/ALU/C272/Z_11'. (LINT-34)
Warning: In design 'SOC_TOP', three-state bus 'dmem_addr_o[12]' has non three-state driver 'CPU/SCORE/ALU/C272/Z_12'. (LINT-34)
Warning: In design 'SOC_TOP', three-state bus 'dmem_addr_o[13]' has non three-state driver 'CPU/SCORE/ALU/C272/Z_13'. (LINT-34)
Warning: In design 'SOC_TOP', three-state bus 'dmem_addr_o[14]' has non three-state driver 'CPU/SCORE/ALU/C272/Z_14'. (LINT-34)
Warning: In design 'SOC_TOP', three-state bus 'dmem_addr_o[15]' has non three-state driver 'CPU/SCORE/ALU/C272/Z_15'. (LINT-34)
Warning: In design 'SOC_TOP', three-state bus 'dmem_addr_o[16]' has non three-state driver 'CPU/SCORE/ALU/C272/Z_16'. (LINT-34)
Warning: In design 'SOC_TOP', three-state bus 'dmem_addr_o[17]' has non three-state driver 'CPU/SCORE/ALU/C272/Z_17'. (LINT-34)
Warning: In design 'SOC_TOP', three-state bus 'dmem_addr_o[18]' has non three-state driver 'CPU/SCORE/ALU/C272/Z_18'. (LINT-34)
Warning: In design 'SOC_TOP', three-state bus 'dmem_addr_o[19]' has non three-state driver 'CPU/SCORE/ALU/C272/Z_19'. (LINT-34)
Warning: In design 'SOC_TOP', three-state bus 'dmem_addr_o[20]' has non three-state driver 'CPU/SCORE/ALU/C272/Z_20'. (LINT-34)
Warning: In design 'SOC_TOP', three-state bus 'dmem_addr_o[21]' has non three-state driver 'CPU/SCORE/ALU/C272/Z_21'. (LINT-34)
Warning: In design 'SOC_TOP', three-state bus 'dmem_addr_o[22]' has non three-state driver 'CPU/SCORE/ALU/C272/Z_22'. (LINT-34)
Warning: In design 'SOC_TOP', three-state bus 'dmem_addr_o[23]' has non three-state driver 'CPU/SCORE/ALU/C272/Z_23'. (LINT-34)
Warning: In design 'SOC_TOP', three-state bus 'dmem_addr_o[24]' has non three-state driver 'CPU/SCORE/ALU/C272/Z_24'. (LINT-34)
Warning: In design 'SOC_TOP', three-state bus 'dmem_addr_o[25]' has non three-state driver 'CPU/SCORE/ALU/C272/Z_25'. (LINT-34)
Warning: In design 'SOC_TOP', three-state bus 'dmem_addr_o[26]' has non three-state driver 'CPU/SCORE/ALU/C272/Z_26'. (LINT-34)
Warning: In design 'SOC_TOP', three-state bus 'dmem_addr_o[27]' has non three-state driver 'CPU/SCORE/ALU/C272/Z_27'. (LINT-34)
Warning: In design 'SOC_TOP', three-state bus 'dmem_addr_o[28]' has non three-state driver 'CPU/SCORE/ALU/C272/Z_28'. (LINT-34)
Warning: In design 'SOC_TOP', three-state bus 'dmem_addr_o[29]' has non three-state driver 'CPU/SCORE/ALU/C272/Z_29'. (LINT-34)
Warning: In design 'SOC_TOP', three-state bus 'dmem_addr_o[30]' has non three-state driver 'CPU/SCORE/ALU/C272/Z_30'. (LINT-34)
Warning: In design 'SOC_TOP', three-state bus 'dmem_addr_o[31]' has non three-state driver 'CPU/SCORE/ALU/C272/Z_31'. (LINT-34)
Warning: In design 'SOC_TOP', three-state bus 'dmem_wdata_o[0]' has non three-state driver 'CPU/SCORE/MUX_LD/C74/Z_0'. (LINT-34)
Warning: In design 'SOC_TOP', three-state bus 'dmem_wdata_o[1]' has non three-state driver 'CPU/SCORE/MUX_LD/C74/Z_1'. (LINT-34)
Warning: In design 'SOC_TOP', three-state bus 'dmem_wdata_o[2]' has non three-state driver 'CPU/SCORE/MUX_LD/C74/Z_2'. (LINT-34)
Warning: In design 'SOC_TOP', three-state bus 'dmem_wdata_o[3]' has non three-state driver 'CPU/SCORE/MUX_LD/C74/Z_3'. (LINT-34)
Warning: In design 'SOC_TOP', three-state bus 'dmem_wdata_o[4]' has non three-state driver 'CPU/SCORE/MUX_LD/C74/Z_4'. (LINT-34)
Warning: In design 'SOC_TOP', three-state bus 'dmem_wdata_o[5]' has non three-state driver 'CPU/SCORE/MUX_LD/C74/Z_5'. (LINT-34)
Warning: In design 'SOC_TOP', three-state bus 'dmem_wdata_o[6]' has non three-state driver 'CPU/SCORE/MUX_LD/C74/Z_6'. (LINT-34)
Warning: In design 'SOC_TOP', three-state bus 'dmem_wdata_o[7]' has non three-state driver 'CPU/SCORE/MUX_LD/C74/Z_7'. (LINT-34)
Warning: In design 'SOC_TOP', three-state bus 'dmem_wdata_o[8]' has non three-state driver 'CPU/SCORE/MUX_LD/C74/Z_8'. (LINT-34)
Warning: In design 'SOC_TOP', three-state bus 'dmem_wdata_o[9]' has non three-state driver 'CPU/SCORE/MUX_LD/C74/Z_9'. (LINT-34)
Warning: In design 'SOC_TOP', three-state bus 'dmem_wdata_o[10]' has non three-state driver 'CPU/SCORE/MUX_LD/C74/Z_10'. (LINT-34)
Warning: In design 'SOC_TOP', three-state bus 'dmem_wdata_o[11]' has non three-state driver 'CPU/SCORE/MUX_LD/C74/Z_11'. (LINT-34)
Warning: In design 'SOC_TOP', three-state bus 'dmem_wdata_o[12]' has non three-state driver 'CPU/SCORE/MUX_LD/C74/Z_12'. (LINT-34)
Warning: In design 'SOC_TOP', three-state bus 'dmem_wdata_o[13]' has non three-state driver 'CPU/SCORE/MUX_LD/C74/Z_13'. (LINT-34)
Warning: In design 'SOC_TOP', three-state bus 'dmem_wdata_o[14]' has non three-state driver 'CPU/SCORE/MUX_LD/C74/Z_14'. (LINT-34)
Warning: In design 'SOC_TOP', three-state bus 'dmem_wdata_o[15]' has non three-state driver 'CPU/SCORE/MUX_LD/C74/Z_15'. (LINT-34)
Warning: In design 'SOC_TOP', three-state bus 'dmem_wdata_o[16]' has non three-state driver 'CPU/SCORE/MUX_LD/C74/Z_16'. (LINT-34)
Warning: In design 'SOC_TOP', three-state bus 'dmem_wdata_o[17]' has non three-state driver 'CPU/SCORE/MUX_LD/C74/Z_17'. (LINT-34)
Warning: In design 'SOC_TOP', three-state bus 'dmem_wdata_o[18]' has non three-state driver 'CPU/SCORE/MUX_LD/C74/Z_18'. (LINT-34)
Warning: In design 'SOC_TOP', three-state bus 'dmem_wdata_o[19]' has non three-state driver 'CPU/SCORE/MUX_LD/C74/Z_19'. (LINT-34)
Warning: In design 'SOC_TOP', three-state bus 'dmem_wdata_o[20]' has non three-state driver 'CPU/SCORE/MUX_LD/C74/Z_20'. (LINT-34)
Warning: In design 'SOC_TOP', three-state bus 'dmem_wdata_o[21]' has non three-state driver 'CPU/SCORE/MUX_LD/C74/Z_21'. (LINT-34)
Warning: In design 'SOC_TOP', three-state bus 'dmem_wdata_o[22]' has non three-state driver 'CPU/SCORE/MUX_LD/C74/Z_22'. (LINT-34)
Warning: In design 'SOC_TOP', three-state bus 'dmem_wdata_o[23]' has non three-state driver 'CPU/SCORE/MUX_LD/C74/Z_23'. (LINT-34)
Warning: In design 'SOC_TOP', three-state bus 'dmem_wdata_o[24]' has non three-state driver 'CPU/SCORE/MUX_LD/C74/Z_24'. (LINT-34)
Warning: In design 'SOC_TOP', three-state bus 'dmem_wdata_o[25]' has non three-state driver 'CPU/SCORE/MUX_LD/C74/Z_25'. (LINT-34)
Warning: In design 'SOC_TOP', three-state bus 'dmem_wdata_o[26]' has non three-state driver 'CPU/SCORE/MUX_LD/C74/Z_26'. (LINT-34)
Warning: In design 'SOC_TOP', three-state bus 'dmem_wdata_o[27]' has non three-state driver 'CPU/SCORE/MUX_LD/C74/Z_27'. (LINT-34)
Warning: In design 'SOC_TOP', three-state bus 'dmem_wdata_o[28]' has non three-state driver 'CPU/SCORE/MUX_LD/C74/Z_28'. (LINT-34)
Warning: In design 'SOC_TOP', three-state bus 'dmem_wdata_o[29]' has non three-state driver 'CPU/SCORE/MUX_LD/C74/Z_29'. (LINT-34)
Warning: In design 'SOC_TOP', three-state bus 'dmem_wdata_o[30]' has non three-state driver 'CPU/SCORE/MUX_LD/C74/Z_30'. (LINT-34)
Warning: In design 'SOC_TOP', three-state bus 'dmem_wdata_o[31]' has non three-state driver 'CPU/SCORE/MUX_LD/C74/Z_31'. (LINT-34)
Warning: In design 'SOC_TOP', three-state bus 'n_logic0_' has non three-state driver 'U1/**logic_0**'. (LINT-34)
Warning: In design 'SOC_TOP', three-state bus 'NPU/NPU/n_0_net_' has non three-state driver 'NPU/NPU/I_0/Z'. (LINT-34)
Warning: In design 'SOC_TOP', multiply-driven net 'n_logic0_' is driven by constant 0. (LINT-54)
1
