Warning: Design 'SOC_TOP' has '4' unresolved references. For more detailed information, use the "link" command. (UID-341)
Information: Checking out the license 'DesignWare'. (SEC-104)
Information: Changed wire load model for 'NPU_DWidth32' from '(none)' to 'ForQA'. (OPT-170)
Information: Changed wire load model for 'NPU_TOP_DWidth32' from '(none)' to 'ForQA'. (OPT-170)
Information: Changed wire load model for 'MUX2TO1_DWidth32' from '(none)' to 'ForQA'. (OPT-170)
Information: Changed wire load model for 'MUX4TO1_DWidth32' from '(none)' to 'ForQA'. (OPT-170)
Information: Changed wire load model for 'MUX3TO1_DWidth32' from '(none)' to 'ForQA'. (OPT-170)
Information: Changed wire load model for 'MUX5TO1_DWidth32' from '(none)' to 'ForQA'. (OPT-170)
Information: Changed wire load model for 'MUX2TO1_DWidth32' from '(none)' to 'ForQA'. (OPT-170)
Information: Changed wire load model for 'ALU_DWidth32_OpWidth5' from '(none)' to 'ForQA'. (OPT-170)
Information: Changed wire load model for 'MUX4TO1_DWidth32' from '(none)' to 'ForQA'. (OPT-170)
Information: Changed wire load model for 'MUX4TO1_DWidth32' from '(none)' to 'ForQA'. (OPT-170)
Information: Changed wire load model for 'D_FF_64_0' from '(none)' to 'ForQA'. (OPT-170)
Information: Changed wire load model for 'D_FF_64_0' from '(none)' to 'ForQA'. (OPT-170)
Information: Changed wire load model for 'D_FF_32_0' from '(none)' to 'ForQA'. (OPT-170)
Information: Changed wire load model for 'CSR_DWidth32_AWidth12' from '(none)' to 'ForQA'. (OPT-170)
Information: Changed wire load model for 'D_FF_32_0' from '(none)' to 'ForQA'. (OPT-170)
Information: Changed wire load model for 'D_FF_32_0' from '(none)' to 'ForQA'. (OPT-170)
Information: Changed wire load model for 'D_FF_32_0' from '(none)' to 'ForQA'. (OPT-170)
Information: Changed wire load model for 'D_FF_32_0' from '(none)' to 'ForQA'. (OPT-170)
Information: Changed wire load model for 'D_FF_32_0' from '(none)' to 'ForQA'. (OPT-170)
Information: Changed wire load model for 'D_FF_32_0' from '(none)' to 'ForQA'. (OPT-170)
Information: Changed wire load model for 'D_FF_32_0' from '(none)' to 'ForQA'. (OPT-170)
Information: Changed wire load model for 'D_FF_32_0' from '(none)' to 'ForQA'. (OPT-170)
Information: Changed wire load model for 'D_FF_32_0' from '(none)' to 'ForQA'. (OPT-170)
Information: Changed wire load model for 'D_FF_32_0' from '(none)' to 'ForQA'. (OPT-170)
Information: Changed wire load model for 'D_FF_32_0' from '(none)' to 'ForQA'. (OPT-170)
Information: Changed wire load model for 'D_FF_32_0' from '(none)' to 'ForQA'. (OPT-170)
Information: Changed wire load model for 'D_FF_32_0' from '(none)' to 'ForQA'. (OPT-170)
Information: Changed wire load model for 'D_FF_32_0' from '(none)' to 'ForQA'. (OPT-170)
Information: Changed wire load model for 'D_FF_32_0' from '(none)' to 'ForQA'. (OPT-170)
Information: Changed wire load model for 'D_FF_32_0' from '(none)' to 'ForQA'. (OPT-170)
Information: Changed wire load model for 'D_FF_32_0' from '(none)' to 'ForQA'. (OPT-170)
Information: Changed wire load model for 'D_FF_32_0' from '(none)' to 'ForQA'. (OPT-170)
Information: Changed wire load model for 'D_FF_32_0' from '(none)' to 'ForQA'. (OPT-170)
Information: Changed wire load model for 'D_FF_32_0' from '(none)' to 'ForQA'. (OPT-170)
Information: Changed wire load model for 'D_FF_32_0' from '(none)' to 'ForQA'. (OPT-170)
Information: Changed wire load model for 'D_FF_32_0' from '(none)' to 'ForQA'. (OPT-170)
Information: Changed wire load model for 'D_FF_32_0' from '(none)' to 'ForQA'. (OPT-170)
Information: Changed wire load model for 'D_FF_32_0' from '(none)' to 'ForQA'. (OPT-170)
Information: Changed wire load model for 'D_FF_32_0' from '(none)' to 'ForQA'. (OPT-170)
Information: Changed wire load model for 'D_FF_32_0' from '(none)' to 'ForQA'. (OPT-170)
Information: Changed wire load model for 'D_FF_32_0' from '(none)' to 'ForQA'. (OPT-170)
Information: Changed wire load model for 'D_FF_32_0' from '(none)' to 'ForQA'. (OPT-170)
Information: Changed wire load model for 'D_FF_32_0' from '(none)' to 'ForQA'. (OPT-170)
Information: Changed wire load model for 'D_FF_32_0' from '(none)' to 'ForQA'. (OPT-170)
Information: Changed wire load model for 'D_FF_32_0' from '(none)' to 'ForQA'. (OPT-170)
Information: Changed wire load model for 'REGFILE_DWidth32_NumofReg32' from '(none)' to 'ForQA'. (OPT-170)
Information: Changed wire load model for 'COUNTER_64_0' from '(none)' to 'ForQA'. (OPT-170)
Information: Changed wire load model for 'D_FF_2_0' from '(none)' to 'ForQA'. (OPT-170)
Information: Changed wire load model for 'DECODER_DWidth32_OpWidth5_NumofReg32_CWidth12' from '(none)' to 'ForQA'. (OPT-170)
Information: Changed wire load model for 'D_FF_32_0' from '(none)' to 'ForQA'. (OPT-170)
Information: Changed wire load model for 'D_FF_32_0' from '(none)' to 'ForQA'. (OPT-170)
Information: Changed wire load model for 'MUX2TO1_DWidth32' from '(none)' to 'ForQA'. (OPT-170)
Information: Changed wire load model for 'COUNTER_64_0' from '(none)' to 'ForQA'. (OPT-170)
Information: Changed wire load model for 'SCALAR_CORE_DWidth32' from '(none)' to 'ForQA'. (OPT-170)
Information: Changed wire load model for 'CACHE_SRAM_DWidth56_Depth128' from '(none)' to '35000'. (OPT-170)
Information: Changed wire load model for 'D_FF_2_3' from '(none)' to 'ForQA'. (OPT-170)
Information: Changed wire load model for 'COUNTER_30_0_127' from '(none)' to 'ForQA'. (OPT-170)
Information: Changed wire load model for 'D_FF_32_0' from '(none)' to 'ForQA'. (OPT-170)
Information: Changed wire load model for 'INSTR_CACHE_DWidth32' from '(none)' to 'ForQA'. (OPT-170)
Information: Changed wire load model for 'CPU_TOP_DWidth32' from '(none)' to 'ForQA'. (OPT-170)
#line 522
