Warning: Design 'SOC_TOP' has '3' unresolved references. For more detailed information, use the "link" command. (UID-341)
 
****************************************
Report : area
Design : SOC_TOP
Version: V-2023.12-SP1
Date   : Tue Jun 11 22:35:04 2024
****************************************

Library(s) Used:

    saed32rvt_tt1p05v25c (File: /technology/SAED32/lib/stdcell_rvt/db_nldm/saed32rvt_tt1p05v25c.db)
    saed32sram_tt1p05v25c (File: /technology/SAED32/lib/sram/db_nldm/saed32sram_tt1p05v25c.db)

Number of ports:                         5289
Number of nets:                         14596
Number of cells:                         9168
Number of combinational cells:           7690
Number of sequential cells:              1414
Number of macros/black boxes:               2
Number of buf/inv:                        832
Number of references:                       4

Combinational area:              19231.584798
Buf/Inv area:                     1132.719816
Noncombinational area:            9404.853155
Macro/Black Box area:            28363.267578
Net Interconnect area:           12564.595373

Total cell area:                 56999.705532
Total area:                      69564.300905

Information: This design contains black box (unknown) components. (RPT-8)

The above information was reported from the logical library. The following are from the physical library:

Hierarchical area distribution
------------------------------

                                  Global cell area              Local cell area
                                  -------------------  --------------------------------- 
Hierarchical cell                 Absolute    Percent  Combi-      Noncombi-  Black-
                                  Total       Total    national    national   boxes       Design
--------------------------------  ----------  -------  ----------  ---------  ----------  ---------------------------------------------
SOC_TOP                           56999.7055    100.0      4.0663     0.0000      0.0000  SOC_TOP
CPU                               56995.6392    100.0      0.0000     0.0000      0.0000  CPU_TOP_DWidth32
CPU/ICACHE                        29492.9377     51.7    402.3100     0.0000      0.0000  INSTR_CACHE_DWidth32
CPU/ICACHE/COUNTER_ICACHE           410.1884      0.7    189.5914   220.5970      0.0000  COUNTER_30_0_127
CPU/ICACHE/FF_CACHE_STATE            18.5525      0.0      5.3370    13.2155      0.0000  D_FF_2_3
CPU/ICACHE/FF_INSTR                 298.6192      0.5     87.1714   211.4478      0.0000  D_FF_32_0_34
CPU/ICACHE/ICACHE_SRAM            28363.2676     49.8      0.0000     0.0000  28363.2676  CACHE_SRAM_DWidth56_Depth128
CPU/SCORE                         27502.7016     48.3    315.6468     0.0000      0.0000  SCALAR_CORE_DWidth32
CPU/SCORE/ALU                      8741.2829     15.3   8741.2829     0.0000      0.0000  ALU_DWidth32_OpWidth5
CPU/SCORE/COUNTER_CYCLE             788.1006      1.4    332.6745   455.4261      0.0000  COUNTER_64_0_1
CPU/SCORE/CSR                      1709.6267      3.0    327.0833     0.0000      0.0000  CSR_DWidth32_AWidth12
CPU/SCORE/CSR/FF_MCYCLE             553.0174      1.0    130.1217   422.8956      0.0000  D_FF_64_0_1
CPU/SCORE/CSR/FF_MINSTRET           553.0174      1.0    130.1217   422.8956      0.0000  D_FF_64_0_0
CPU/SCORE/CSR/FF_RDATA              276.5087      0.5     65.0609   211.4478      0.0000  D_FF_32_0_0
CPU/SCORE/DECODER                  1249.1178      2.2    383.7574     0.0000      0.0000  DECODER_DWidth32_OpWidth5_NumofReg32_CWidth12
CPU/SCORE/DECODER/COUNTER_INSTRET   847.5703      1.5    392.1442   455.4261      0.0000  COUNTER_64_0_0
CPU/SCORE/DECODER/FF_DEC_STATE       17.7901      0.0      4.0663    13.7238      0.0000  D_FF_2_0
CPU/SCORE/FF_IADDR                  298.6192      0.5     87.1714   211.4478      0.0000  D_FF_32_0_32
CPU/SCORE/FF_PC                     298.6192      0.5     87.1714   211.4478      0.0000  D_FF_32_0_33
CPU/SCORE/MUX_ALU_A                 224.1550      0.4    224.1550     0.0000      0.0000  MUX4TO1_DWidth32_2
CPU/SCORE/MUX_ALU_B                 232.0335      0.4    232.0335     0.0000      0.0000  MUX4TO1_DWidth32_1
CPU/SCORE/MUX_BR                     84.3758      0.1     84.3758     0.0000      0.0000  MUX2TO1_DWidth32_1
CPU/SCORE/MUX_LD                     97.8454      0.2     97.8454     0.0000      0.0000  MUX5TO1_DWidth32
CPU/SCORE/MUX_PC                     82.3427      0.1     82.3427     0.0000      0.0000  MUX2TO1_DWidth32_2
CPU/SCORE/MUX_ST                     93.7791      0.2     93.7791     0.0000      0.0000  MUX3TO1_DWidth32
CPU/SCORE/MUX_WB                    210.1771      0.4    210.1771     0.0000      0.0000  MUX4TO1_DWidth32_0
CPU/SCORE/SRF                     13076.9798     22.9   3819.7843     0.0000      0.0000  REGFILE_DWidth32_NumofReg32
CPU/SCORE/SRF/gen_gpr_10__FF_GPR    298.6192      0.5     87.1714   211.4478      0.0000  D_FF_32_0_22
CPU/SCORE/SRF/gen_gpr_11__FF_GPR    298.6192      0.5     87.1714   211.4478      0.0000  D_FF_32_0_21
CPU/SCORE/SRF/gen_gpr_12__FF_GPR    298.6192      0.5     87.1714   211.4478      0.0000  D_FF_32_0_20
CPU/SCORE/SRF/gen_gpr_13__FF_GPR    298.6192      0.5     87.1714   211.4478      0.0000  D_FF_32_0_19
CPU/SCORE/SRF/gen_gpr_14__FF_GPR    298.6192      0.5     87.1714   211.4478      0.0000  D_FF_32_0_18
CPU/SCORE/SRF/gen_gpr_15__FF_GPR    298.6192      0.5     87.1714   211.4478      0.0000  D_FF_32_0_17
CPU/SCORE/SRF/gen_gpr_16__FF_GPR    298.6192      0.5     87.1714   211.4478      0.0000  D_FF_32_0_16
CPU/SCORE/SRF/gen_gpr_17__FF_GPR    298.6192      0.5     87.1714   211.4478      0.0000  D_FF_32_0_15
CPU/SCORE/SRF/gen_gpr_18__FF_GPR    298.6192      0.5     87.1714   211.4478      0.0000  D_FF_32_0_14
CPU/SCORE/SRF/gen_gpr_19__FF_GPR    298.6192      0.5     87.1714   211.4478      0.0000  D_FF_32_0_13
CPU/SCORE/SRF/gen_gpr_1__FF_GPR     298.6192      0.5     87.1714   211.4478      0.0000  D_FF_32_0_31
CPU/SCORE/SRF/gen_gpr_20__FF_GPR    298.6192      0.5     87.1714   211.4478      0.0000  D_FF_32_0_12
CPU/SCORE/SRF/gen_gpr_21__FF_GPR    298.6192      0.5     87.1714   211.4478      0.0000  D_FF_32_0_11
CPU/SCORE/SRF/gen_gpr_22__FF_GPR    298.6192      0.5     87.1714   211.4478      0.0000  D_FF_32_0_10
CPU/SCORE/SRF/gen_gpr_23__FF_GPR    298.6192      0.5     87.1714   211.4478      0.0000  D_FF_32_0_9
CPU/SCORE/SRF/gen_gpr_24__FF_GPR    298.6192      0.5     87.1714   211.4478      0.0000  D_FF_32_0_8
CPU/SCORE/SRF/gen_gpr_25__FF_GPR    298.6192      0.5     87.1714   211.4478      0.0000  D_FF_32_0_7
CPU/SCORE/SRF/gen_gpr_26__FF_GPR    298.6192      0.5     87.1714   211.4478      0.0000  D_FF_32_0_6
CPU/SCORE/SRF/gen_gpr_27__FF_GPR    298.6192      0.5     87.1714   211.4478      0.0000  D_FF_32_0_5
CPU/SCORE/SRF/gen_gpr_28__FF_GPR    298.6192      0.5     87.1714   211.4478      0.0000  D_FF_32_0_4
CPU/SCORE/SRF/gen_gpr_29__FF_GPR    298.6192      0.5     87.1714   211.4478      0.0000  D_FF_32_0_3
CPU/SCORE/SRF/gen_gpr_2__FF_GPR     298.6192      0.5     87.1714   211.4478      0.0000  D_FF_32_0_30
CPU/SCORE/SRF/gen_gpr_30__FF_GPR    298.6192      0.5     87.1714   211.4478      0.0000  D_FF_32_0_2
CPU/SCORE/SRF/gen_gpr_31__FF_GPR    298.6192      0.5     87.1714   211.4478      0.0000  D_FF_32_0_1
CPU/SCORE/SRF/gen_gpr_3__FF_GPR     298.6192      0.5     87.1714   211.4478      0.0000  D_FF_32_0_29
CPU/SCORE/SRF/gen_gpr_4__FF_GPR     298.6192      0.5     87.1714   211.4478      0.0000  D_FF_32_0_28
CPU/SCORE/SRF/gen_gpr_5__FF_GPR     298.6192      0.5     87.1714   211.4478      0.0000  D_FF_32_0_27
CPU/SCORE/SRF/gen_gpr_6__FF_GPR     298.6192      0.5     87.1714   211.4478      0.0000  D_FF_32_0_26
CPU/SCORE/SRF/gen_gpr_7__FF_GPR     298.6192      0.5     87.1714   211.4478      0.0000  D_FF_32_0_25
CPU/SCORE/SRF/gen_gpr_8__FF_GPR     298.6192      0.5     87.1714   211.4478      0.0000  D_FF_32_0_24
CPU/SCORE/SRF/gen_gpr_9__FF_GPR     298.6192      0.5     87.1714   211.4478      0.0000  D_FF_32_0_23
NPU                                   0.0000      0.0      0.0000     0.0000      0.0000  NPU_TOP_DWidth32
--------------------------------  ----------  -------  ----------  ---------  ----------  ---------------------------------------------
Total                                                  19231.5848  9404.8532  28363.2676

1
