Information: Propagating switching activity (low effort zero delay simulation). (PWR-6)
Warning: Design has unannotated primary inputs. (PWR-414)
Warning: Design has unannotated sequential cell outputs. (PWR-415)
Warning: Design has unannotated black box outputs. (PWR-428)
 
****************************************
Report : power
        -analysis_effort low
Design : SOC_TOP
Version: V-2023.12-SP1
Date   : Tue Jun 11 22:35:05 2024
****************************************


Library(s) Used:

    saed32rvt_tt1p05v25c (File: /technology/SAED32/lib/stdcell_rvt/db_nldm/saed32rvt_tt1p05v25c.db)
    saed32sram_tt1p05v25c (File: /technology/SAED32/lib/sram/db_nldm/saed32sram_tt1p05v25c.db)


Operating Conditions: tt1p05v25c   Library: saed32rvt_tt1p05v25c
Wire Load Model Mode: enclosed

Design        Wire Load Model            Library
------------------------------------------------
SOC_TOP                70000             saed32rvt_tt1p05v25c
CPU_TOP_DWidth32       70000             saed32rvt_tt1p05v25c
NPU_TOP_DWidth32       ForQA             saed32rvt_tt1p05v25c
INSTR_CACHE_DWidth32   35000             saed32rvt_tt1p05v25c
SCALAR_CORE_DWidth32   35000             saed32rvt_tt1p05v25c
D_FF_32_0_34           8000              saed32rvt_tt1p05v25c
COUNTER_30_0_127       8000              saed32rvt_tt1p05v25c
D_FF_2_3               ForQA             saed32rvt_tt1p05v25c
CACHE_SRAM_DWidth56_Depth128 35000       saed32rvt_tt1p05v25c
COUNTER_64_0_1         8000              saed32rvt_tt1p05v25c
MUX2TO1_DWidth32_2     ForQA             saed32rvt_tt1p05v25c
DECODER_DWidth32_OpWidth5_NumofReg32_CWidth12 8000 saed32rvt_tt1p05v25c
REGFILE_DWidth32_NumofReg32 16000        saed32rvt_tt1p05v25c
CSR_DWidth32_AWidth12  8000              saed32rvt_tt1p05v25c
MUX4TO1_DWidth32_2     8000              saed32rvt_tt1p05v25c
ALU_DWidth32_OpWidth5  16000             saed32rvt_tt1p05v25c
MUX2TO1_DWidth32_1     ForQA             saed32rvt_tt1p05v25c
MUX5TO1_DWidth32       ForQA             saed32rvt_tt1p05v25c
MUX3TO1_DWidth32       ForQA             saed32rvt_tt1p05v25c
MUX4TO1_DWidth32_0     8000              saed32rvt_tt1p05v25c
D_FF_2_0               ForQA             saed32rvt_tt1p05v25c
COUNTER_64_0_0         8000              saed32rvt_tt1p05v25c
D_FF_32_0_0            8000              saed32rvt_tt1p05v25c
D_FF_64_0_1            8000              saed32rvt_tt1p05v25c
D_FF_64_0_0            8000              saed32rvt_tt1p05v25c
MUX4TO1_DWidth32_1     8000              saed32rvt_tt1p05v25c
D_FF_32_0_1            8000              saed32rvt_tt1p05v25c
D_FF_32_0_2            8000              saed32rvt_tt1p05v25c
D_FF_32_0_3            8000              saed32rvt_tt1p05v25c
D_FF_32_0_4            8000              saed32rvt_tt1p05v25c
D_FF_32_0_5            8000              saed32rvt_tt1p05v25c
D_FF_32_0_6            8000              saed32rvt_tt1p05v25c
D_FF_32_0_7            8000              saed32rvt_tt1p05v25c
D_FF_32_0_8            8000              saed32rvt_tt1p05v25c
D_FF_32_0_9            8000              saed32rvt_tt1p05v25c
D_FF_32_0_10           8000              saed32rvt_tt1p05v25c
D_FF_32_0_11           8000              saed32rvt_tt1p05v25c
D_FF_32_0_12           8000              saed32rvt_tt1p05v25c
D_FF_32_0_13           8000              saed32rvt_tt1p05v25c
D_FF_32_0_14           8000              saed32rvt_tt1p05v25c
D_FF_32_0_15           8000              saed32rvt_tt1p05v25c
D_FF_32_0_16           8000              saed32rvt_tt1p05v25c
D_FF_32_0_17           8000              saed32rvt_tt1p05v25c
D_FF_32_0_18           8000              saed32rvt_tt1p05v25c
D_FF_32_0_19           8000              saed32rvt_tt1p05v25c
D_FF_32_0_20           8000              saed32rvt_tt1p05v25c
D_FF_32_0_21           8000              saed32rvt_tt1p05v25c
D_FF_32_0_22           8000              saed32rvt_tt1p05v25c
D_FF_32_0_23           8000              saed32rvt_tt1p05v25c
D_FF_32_0_24           8000              saed32rvt_tt1p05v25c
D_FF_32_0_25           8000              saed32rvt_tt1p05v25c
D_FF_32_0_26           8000              saed32rvt_tt1p05v25c
D_FF_32_0_27           8000              saed32rvt_tt1p05v25c
D_FF_32_0_28           8000              saed32rvt_tt1p05v25c
D_FF_32_0_29           8000              saed32rvt_tt1p05v25c
D_FF_32_0_30           8000              saed32rvt_tt1p05v25c
D_FF_32_0_31           8000              saed32rvt_tt1p05v25c
D_FF_32_0_32           8000              saed32rvt_tt1p05v25c
D_FF_32_0_33           8000              saed32rvt_tt1p05v25c


Global Operating Voltage = 1.05 
Power-specific unit information :
    Voltage Units = 1V
    Capacitance Units = 1.000000ff
    Time Units = 1ns
    Dynamic Power Units = 1uW    (derived from V,C,T units)
    Leakage Power Units = 1pW


Attributes
----------
i - Including register clock pin internal power


  Cell Internal Power  =   1.4458 mW    (2%)
  Net Switching Power  =  82.6993 mW   (98%)
                         ---------
Total Dynamic Power    =  84.1451 mW  (100%)

Cell Leakage Power     =   2.7895 mW


                 Internal         Switching           Leakage            Total
Power Group      Power            Power               Power              Power   (   %    )  Attrs
--------------------------------------------------------------------------------------------------
io_pad             0.0000            0.0000            0.0000            0.0000  (   0.00%)
memory            92.5491            0.2450            0.0000           92.7941  (   0.11%)
black_box          0.0000            0.0000            0.0000            0.0000  (   0.00%)
clock_network  1.3496e+03        8.2698e+04        2.2683e+08        8.4274e+04  (  96.94%)  i
register           1.0291            0.3323        1.4367e+09        1.4381e+03  (   1.65%)
sequential         0.0000            0.0000            0.0000            0.0000  (   0.00%)
combinational      2.6304            0.4316        1.1260e+09        1.1290e+03  (   1.30%)
--------------------------------------------------------------------------------------------------
Total          1.4458e+03 uW     8.2699e+04 uW     2.7895e+09 pW     8.6934e+04 uW
1
